<?xml version="1.0" encoding="UTF-8"?>
<testsuite xmlns:xsi="http://www.w3.org/2001/XMLSchema-instance" xsi:noNamespaceSchemaLocation="https://maven.apache.org/surefire/maven-surefire-plugin/xsd/surefire-test-report.xsd" name="com.leyou.elasticsearch.test.ElasticsearchTest" time="1.947" tests="1" errors="1" skipped="0" failures="0">
  <properties>
[...]
</properties>
  <testcase name="test" classname="com.leyou.elasticsearch.test.ElasticsearchTest" time="0.001">
    <error message="Failed to load ApplicationContext" type="java.lang.IllegalStateException">java.lang.IllegalStateException: Failed to load ApplicationContext
Caused by: java.lang.IllegalStateException: Failed to introspect Class [com.leyou.search.search.SearchService] from ClassLoader [jdk.internal.loader.ClassLoaders$AppClassLoader@277050dc]
Caused by: java.lang.NoClassDefFoundError: com/leyou/item/api/CategoryApi
Caused by: java.lang.ClassNotFoundException: com.leyou.item.api.CategoryApi
</error>
    <system-out><![CDATA[19:19:15.460 [main] DEBUG org.springframework.test.context.junit4.SpringJUnit4ClassRunner - SpringJUnit4ClassRunner constructor called with [class com.leyou.elasticsearch.test.ElasticsearchTest]
19:19:15.465 [main] DEBUG org.springframework.test.context.BootstrapUtils - Instantiating CacheAwareContextLoaderDelegate from class [org.springframework.test.context.cache.DefaultCacheAwareContextLoaderDelegate]
19:19:15.473 [main] DEBUG org.springframework.test.context.BootstrapUtils - Instantiating BootstrapContext using constructor [public org.springframework.test.context.support.DefaultBootstrapContext(java.lang.Class,org.springframework.test.context.CacheAwareContextLoaderDelegate)]
19:19:15.490 [main] DEBUG org.springframework.test.context.BootstrapUtils - Instantiating TestContextBootstrapper for test class [com.leyou.elasticsearch.test.ElasticsearchTest] from class [org.springframework.boot.test.context.SpringBootTestContextBootstrapper]
19:19:15.504 [main] INFO org.springframework.boot.test.context.SpringBootTestContextBootstrapper - Neither @ContextConfiguration nor @ContextHierarchy found for test class [com.leyou.elasticsearch.test.ElasticsearchTest], using SpringBootContextLoader
19:19:15.508 [main] DEBUG org.springframework.test.context.support.AbstractContextLoader - Did not detect default resource location for test class [com.leyou.elasticsearch.test.ElasticsearchTest]: class path resource [com/leyou/elasticsearch/test/ElasticsearchTest-context.xml] does not exist
19:19:15.508 [main] DEBUG org.springframework.test.context.support.AbstractContextLoader - Did not detect default resource location for test class [com.leyou.elasticsearch.test.ElasticsearchTest]: class path resource [com/leyou/elasticsearch/test/ElasticsearchTestContext.groovy] does not exist
19:19:15.508 [main] INFO org.springframework.test.context.support.AbstractContextLoader - Could not detect default resource locations for test class [com.leyou.elasticsearch.test.ElasticsearchTest]: no resource found for suffixes {-context.xml, Context.groovy}.
19:19:15.510 [main] INFO org.springframework.test.context.support.AnnotationConfigContextLoaderUtils - Could not detect default configuration classes for test class [com.leyou.elasticsearch.test.ElasticsearchTest]: ElasticsearchTest does not declare any static, non-private, non-final, nested classes annotated with @Configuration.
19:19:15.551 [main] DEBUG org.springframework.test.context.support.ActiveProfilesUtils - Could not find an 'annotation declaring class' for annotation type [org.springframework.test.context.ActiveProfiles] and class [com.leyou.elasticsearch.test.ElasticsearchTest]
19:19:15.559 [main] DEBUG org.springframework.core.env.StandardEnvironment - Adding PropertySource 'systemProperties' with lowest search precedence
19:19:15.559 [main] DEBUG org.springframework.core.env.StandardEnvironment - Adding PropertySource 'systemEnvironment' with lowest search precedence
19:19:15.559 [main] DEBUG org.springframework.core.env.StandardEnvironment - Initialized StandardEnvironment with PropertySources [MapPropertySource@1902237905 {name='systemProperties', properties={gopherProxySet=false, awt.toolkit=sun.lwawt.macosx.LWCToolkit, java.specification.version=11, sun.cpu.isalist=, sun.jnu.encoding=UTF-8, java.class.path=/Users/wangsiwei/Desktop/E-shopApplication/leyou/leyou-search/target/test-classes:/Users/wangsiwei/Desktop/E-shopApplication/leyou/leyou-search/target/classes:/Users/wangsiwei/.m2/repository/org/springframework/boot/spring-boot-starter-web/2.0.7.RELEASE/spring-boot-starter-web-2.0.7.RELEASE.jar:/Users/wangsiwei/.m2/repository/org/springframework/boot/spring-boot-starter/2.0.7.RELEASE/spring-boot-starter-2.0.7.RELEASE.jar:/Users/wangsiwei/.m2/repository/org/springframework/boot/spring-boot/2.0.7.RELEASE/spring-boot-2.0.7.RELEASE.jar:/Users/wangsiwei/.m2/repository/org/springframework/boot/spring-boot-autoconfigure/2.0.7.RELEASE/spring-boot-autoconfigure-2.0.7.RELEASE.jar:/Users/wangsiwei/.m2/repository/org/springframework/boot/spring-boot-starter-logging/2.0.7.RELEASE/spring-boot-starter-logging-2.0.7.RELEASE.jar:/Users/wangsiwei/.m2/repository/ch/qos/logback/logback-classic/1.2.3/logback-classic-1.2.3.jar:/Users/wangsiwei/.m2/repository/ch/qos/logback/logback-core/1.2.3/logback-core-1.2.3.jar:/Users/wangsiwei/.m2/repository/org/apache/logging/log4j/log4j-to-slf4j/2.10.0/log4j-to-slf4j-2.10.0.jar:/Users/wangsiwei/.m2/repository/org/slf4j/jul-to-slf4j/1.7.25/jul-to-slf4j-1.7.25.jar:/Users/wangsiwei/.m2/repository/javax/annotation/javax.annotation-api/1.3.2/javax.annotation-api-1.3.2.jar:/Users/wangsiwei/.m2/repository/org/springframework/boot/spring-boot-starter-json/2.0.7.RELEASE/spring-boot-starter-json-2.0.7.RELEASE.jar:/Users/wangsiwei/.m2/repository/com/fasterxml/jackson/core/jackson-databind/2.9.7/jackson-databind-2.9.7.jar:/Users/wangsiwei/.m2/repository/com/fasterxml/jackson/datatype/jackson-datatype-jdk8/2.9.7/jackson-datatype-jdk8-2.9.7.jar:/Users/wangsiwei/.m2/repository/com/fasterxml/jackson/datatype/jackson-datatype-jsr310/2.9.7/jackson-datatype-jsr310-2.9.7.jar:/Users/wangsiwei/.m2/repository/com/fasterxml/jackson/module/jackson-module-parameter-names/2.9.7/jackson-module-parameter-names-2.9.7.jar:/Users/wangsiwei/.m2/repository/org/springframework/boot/spring-boot-starter-tomcat/2.0.7.RELEASE/spring-boot-starter-tomcat-2.0.7.RELEASE.jar:/Users/wangsiwei/.m2/repository/org/apache/tomcat/embed/tomcat-embed-core/8.5.35/tomcat-embed-core-8.5.35.jar:/Users/wangsiwei/.m2/repository/org/apache/tomcat/embed/tomcat-embed-el/8.5.35/tomcat-embed-el-8.5.35.jar:/Users/wangsiwei/.m2/repository/org/apache/tomcat/embed/tomcat-embed-websocket/8.5.35/tomcat-embed-websocket-8.5.35.jar:/Users/wangsiwei/.m2/repository/org/hibernate/validator/hibernate-validator/6.0.13.Final/hibernate-validator-6.0.13.Final.jar:/Users/wangsiwei/.m2/repository/javax/validation/validation-api/2.0.1.Final/validation-api-2.0.1.Final.jar:/Users/wangsiwei/.m2/repository/org/jboss/logging/jboss-logging/3.3.2.Final/jboss-logging-3.3.2.Final.jar:/Users/wangsiwei/.m2/repository/com/fasterxml/classmate/1.3.4/classmate-1.3.4.jar:/Users/wangsiwei/.m2/repository/org/springframework/spring-web/5.0.11.RELEASE/spring-web-5.0.11.RELEASE.jar:/Users/wangsiwei/.m2/repository/org/springframework/spring-beans/5.0.11.RELEASE/spring-beans-5.0.11.RELEASE.jar:/Users/wangsiwei/.m2/repository/org/springframework/spring-webmvc/5.0.11.RELEASE/spring-webmvc-5.0.11.RELEASE.jar:/Users/wangsiwei/.m2/repository/org/springframework/spring-aop/5.0.11.RELEASE/spring-aop-5.0.11.RELEASE.jar:/Users/wangsiwei/.m2/repository/org/springframework/spring-context/5.0.11.RELEASE/spring-context-5.0.11.RELEASE.jar:/Users/wangsiwei/.m2/repository/org/springframework/spring-expression/5.0.11.RELEASE/spring-expression-5.0.11.RELEASE.jar:/Users/wangsiwei/.m2/repository/org/springframework/boot/spring-boot-starter-data-elasticsearch/2.0.7.RELEASE/spring-boot-starter-data-elasticsearch-2.0.7.RELEASE.jar:/Users/wangsiwei/.m2/repository/org/springframework/data/spring-data-elasticsearch/3.0.12.RELEASE/spring-data-elasticsearch-3.0.12.RELEASE.jar:/Users/wangsiwei/.m2/repository/org/springframework/spring-tx/5.0.11.RELEASE/spring-tx-5.0.11.RELEASE.jar:/Users/wangsiwei/.m2/repository/org/springframework/data/spring-data-commons/2.0.12.RELEASE/spring-data-commons-2.0.12.RELEASE.jar:/Users/wangsiwei/.m2/repository/joda-time/joda-time/2.9.9/joda-time-2.9.9.jar:/Users/wangsiwei/.m2/repository/org/elasticsearch/client/transport/5.6.13/transport-5.6.13.jar:/Users/wangsiwei/.m2/repository/org/elasticsearch/elasticsearch/5.6.13/elasticsearch-5.6.13.jar:/Users/wangsiwei/.m2/repository/org/apache/lucene/lucene-core/6.6.1/lucene-core-6.6.1.jar:/Users/wangsiwei/.m2/repository/org/apache/lucene/lucene-analyzers-common/6.6.1/lucene-analyzers-common-6.6.1.jar:/Users/wangsiwei/.m2/repository/org/apache/lucene/lucene-backward-codecs/6.6.1/lucene-backward-codecs-6.6.1.jar:/Users/wangsiwei/.m2/repository/org/apache/lucene/lucene-grouping/6.6.1/lucene-grouping-6.6.1.jar:/Users/wangsiwei/.m2/repository/org/apache/lucene/lucene-highlighter/6.6.1/lucene-highlighter-6.6.1.jar:/Users/wangsiwei/.m2/repository/org/apache/lucene/lucene-join/6.6.1/lucene-join-6.6.1.jar:/Users/wangsiwei/.m2/repository/org/apache/lucene/lucene-memory/6.6.1/lucene-memory-6.6.1.jar:/Users/wangsiwei/.m2/repository/org/apache/lucene/lucene-misc/6.6.1/lucene-misc-6.6.1.jar:/Users/wangsiwei/.m2/repository/org/apache/lucene/lucene-queries/6.6.1/lucene-queries-6.6.1.jar:/Users/wangsiwei/.m2/repository/org/apache/lucene/lucene-queryparser/6.6.1/lucene-queryparser-6.6.1.jar:/Users/wangsiwei/.m2/repository/org/apache/lucene/lucene-sandbox/6.6.1/lucene-sandbox-6.6.1.jar:/Users/wangsiwei/.m2/repository/org/apache/lucene/lucene-spatial/6.6.1/lucene-spatial-6.6.1.jar:/Users/wangsiwei/.m2/repository/org/apache/lucene/lucene-spatial-extras/6.6.1/lucene-spatial-extras-6.6.1.jar:/Users/wangsiwei/.m2/repository/org/apache/lucene/lucene-spatial3d/6.6.1/lucene-spatial3d-6.6.1.jar:/Users/wangsiwei/.m2/repository/org/apache/lucene/lucene-suggest/6.6.1/lucene-suggest-6.6.1.jar:/Users/wangsiwei/.m2/repository/org/elasticsearch/securesm/1.2/securesm-1.2.jar:/Users/wangsiwei/.m2/repository/net/sf/jopt-simple/jopt-simple/5.0.2/jopt-simple-5.0.2.jar:/Users/wangsiwei/.m2/repository/com/carrotsearch/hppc/0.7.1/hppc-0.7.1.jar:/Users/wangsiwei/.m2/repository/com/fasterxml/jackson/dataformat/jackson-dataformat-smile/2.9.7/jackson-dataformat-smile-2.9.7.jar:/Users/wangsiwei/.m2/repository/com/fasterxml/jackson/dataformat/jackson-dataformat-yaml/2.9.7/jackson-dataformat-yaml-2.9.7.jar:/Users/wangsiwei/.m2/repository/com/fasterxml/jackson/dataformat/jackson-dataformat-cbor/2.9.7/jackson-dataformat-cbor-2.9.7.jar:/Users/wangsiwei/.m2/repository/com/tdunning/t-digest/3.0/t-digest-3.0.jar:/Users/wangsiwei/.m2/repository/org/elasticsearch/plugin/reindex-client/5.6.13/reindex-client-5.6.13.jar:/Users/wangsiwei/.m2/repository/org/elasticsearch/client/elasticsearch-rest-client/5.6.13/elasticsearch-rest-client-5.6.13.jar:/Users/wangsiwei/.m2/repository/org/apache/httpcomponents/httpasyncclient/4.1.4/httpasyncclient-4.1.4.jar:/Users/wangsiwei/.m2/repository/org/apache/httpcomponents/httpcore-nio/4.4.10/httpcore-nio-4.4.10.jar:/Users/wangsiwei/.m2/repository/org/elasticsearch/plugin/lang-mustache-client/5.6.13/lang-mustache-client-5.6.13.jar:/Users/wangsiwei/.m2/repository/com/github/spullara/mustache/java/compiler/0.9.3/compiler-0.9.3.jar:/Users/wangsiwei/.m2/repository/org/elasticsearch/plugin/percolator-client/5.6.13/percolator-client-5.6.13.jar:/Users/wangsiwei/.m2/repository/org/elasticsearch/plugin/parent-join-client/5.6.13/parent-join-client-5.6.13.jar:/Users/wangsiwei/.m2/repository/org/elasticsearch/plugin/transport-netty4-client/5.6.13/transport-netty4-client-5.6.13.jar:/Users/wangsiwei/.m2/repository/io/netty/netty-buffer/4.1.31.Final/netty-buffer-4.1.31.Final.jar:/Users/wangsiwei/.m2/repository/io/netty/netty-codec/4.1.31.Final/netty-codec-4.1.31.Final.jar:/Users/wangsiwei/.m2/repository/io/netty/netty-codec-http/4.1.31.Final/netty-codec-http-4.1.31.Final.jar:/Users/wangsiwei/.m2/repository/io/netty/netty-common/4.1.31.Final/netty-common-4.1.31.Final.jar:/Users/wangsiwei/.m2/repository/io/netty/netty-handler/4.1.31.Final/netty-handler-4.1.31.Final.jar:/Users/wangsiwei/.m2/repository/io/netty/netty-resolver/4.1.31.Final/netty-resolver-4.1.31.Final.jar:/Users/wangsiwei/.m2/repository/io/netty/netty-transport/4.1.31.Final/netty-transport-4.1.31.Final.jar:/Users/wangsiwei/.m2/repository/org/locationtech/spatial4j/spatial4j/0.6/spatial4j-0.6.jar:/Users/wangsiwei/.m2/repository/com/vividsolutions/jts/1.13/jts-1.13.jar:/Users/wangsiwei/.m2/repository/org/apache/logging/log4j/log4j-api/2.10.0/log4j-api-2.10.0.jar:/Users/wangsiwei/.m2/repository/org/elasticsearch/jna/4.4.0-1/jna-4.4.0-1.jar:/Users/wangsiwei/.m2/repository/com/fasterxml/jackson/core/jackson-core/2.9.7/jackson-core-2.9.7.jar:/Users/wangsiwei/.m2/repository/org/slf4j/slf4j-api/1.7.25/slf4j-api-1.7.25.jar:/Users/wangsiwei/.m2/repository/org/springframework/cloud/spring-cloud-starter-netflix-eureka-client/2.0.2.RELEASE/spring-cloud-starter-netflix-eureka-client-2.0.2.RELEASE.jar:/Users/wangsiwei/.m2/repository/org/springframework/cloud/spring-cloud-starter/2.0.2.RELEASE/spring-cloud-starter-2.0.2.RELEASE.jar:/Users/wangsiwei/.m2/repository/org/springframework/cloud/spring-cloud-context/2.0.2.RELEASE/spring-cloud-context-2.0.2.RELEASE.jar:/Users/wangsiwei/.m2/repository/org/springframework/security/spring-security-rsa/1.0.7.RELEASE/spring-security-rsa-1.0.7.RELEASE.jar:/Users/wangsiwei/.m2/repository/org/bouncycastle/bcpkix-jdk15on/1.60/bcpkix-jdk15on-1.60.jar:/Users/wangsiwei/.m2/repository/org/bouncycastle/bcprov-jdk15on/1.60/bcprov-jdk15on-1.60.jar:/Users/wangsiwei/.m2/repository/org/springframework/cloud/spring-cloud-netflix-core/2.0.2.RELEASE/spring-cloud-netflix-core-2.0.2.RELEASE.jar:/Users/wangsiwei/.m2/repository/org/springframework/boot/spring-boot-starter-aop/2.0.7.RELEASE/spring-boot-starter-aop-2.0.7.RELEASE.jar:/Users/wangsiwei/.m2/repository/org/aspectj/aspectjweaver/1.8.13/aspectjweaver-1.8.13.jar:/Users/wangsiwei/.m2/repository/org/springframework/cloud/spring-cloud-netflix-eureka-client/2.0.2.RELEASE/spring-cloud-netflix-eureka-client-2.0.2.RELEASE.jar:/Users/wangsiwei/.m2/repository/com/netflix/eureka/eureka-client/1.9.3/eureka-client-1.9.3.jar:/Users/wangsiwei/.m2/repository/org/codehaus/jettison/jettison/1.3.7/jettison-1.3.7.jar:/Users/wangsiwei/.m2/repository/stax/stax-api/1.0.1/stax-api-1.0.1.jar:/Users/wangsiwei/.m2/repository/com/netflix/netflix-commons/netflix-eventbus/0.3.0/netflix-eventbus-0.3.0.jar:/Users/wangsiwei/.m2/repository/com/netflix/netflix-commons/netflix-infix/0.3.0/netflix-infix-0.3.0.jar:/Users/wangsiwei/.m2/repository/commons-jxpath/commons-jxpath/1.3/commons-jxpath-1.3.jar:/Users/wangsiwei/.m2/repository/org/antlr/antlr-runtime/3.4/antlr-runtime-3.4.jar:/Users/wangsiwei/.m2/repository/org/antlr/stringtemplate/3.2.1/stringtemplate-3.2.1.jar:/Users/wangsiwei/.m2/repository/antlr/antlr/2.7.7/antlr-2.7.7.jar:/Users/wangsiwei/.m2/repository/com/google/code/gson/gson/2.8.5/gson-2.8.5.jar:/Users/wangsiwei/.m2/repository/org/apache/commons/commons-math/2.2/commons-math-2.2.jar:/Users/wangsiwei/.m2/repository/com/netflix/archaius/archaius-core/0.7.6/archaius-core-0.7.6.jar:/Users/wangsiwei/.m2/repository/com/google/guava/guava/16.0/guava-16.0.jar:/Users/wangsiwei/.m2/repository/javax/ws/rs/jsr311-api/1.1.1/jsr311-api-1.1.1.jar:/Users/wangsiwei/.m2/repository/com/netflix/servo/servo-core/0.12.21/servo-core-0.12.21.jar:/Users/wangsiwei/.m2/repository/com/sun/jersey/jersey-core/1.19.1/jersey-core-1.19.1.jar:/Users/wangsiwei/.m2/repository/com/sun/jersey/jersey-client/1.19.1/jersey-client-1.19.1.jar:/Users/wangsiwei/.m2/repository/com/sun/jersey/contribs/jersey-apache-client4/1.19.1/jersey-apache-client4-1.19.1.jar:/Users/wangsiwei/.m2/repository/org/apache/httpcomponents/httpclient/4.5.6/httpclient-4.5.6.jar:/Users/wangsiwei/.m2/repository/org/apache/httpcomponents/httpcore/4.4.10/httpcore-4.4.10.jar:/Users/wangsiwei/.m2/repository/commons-codec/commons-codec/1.11/commons-codec-1.11.jar:/Users/wangsiwei/.m2/repository/com/google/inject/guice/4.1.0/guice-4.1.0.jar:/Users/wangsiwei/.m2/repository/javax/inject/javax.inject/1/javax.inject-1.jar:/Users/wangsiwei/.m2/repository/aopalliance/aopalliance/1.0/aopalliance-1.0.jar:/Users/wangsiwei/.m2/repository/com/github/vlsi/compactmap/compactmap/1.2.1/compactmap-1.2.1.jar:/Users/wangsiwei/.m2/repository/com/github/andrewoma/dexx/dexx-collections/0.2/dexx-collections-0.2.jar:/Users/wangsiwei/.m2/repository/com/fasterxml/jackson/core/jackson-annotations/2.9.0/jackson-annotations-2.9.0.jar:/Users/wangsiwei/.m2/repository/com/netflix/eureka/eureka-core/1.9.3/eureka-core-1.9.3.jar:/Users/wangsiwei/.m2/repository/org/codehaus/woodstox/woodstox-core-asl/4.4.1/woodstox-core-asl-4.4.1.jar:/Users/wangsiwei/.m2/repository/javax/xml/stream/stax-api/1.0-2/stax-api-1.0-2.jar:/Users/wangsiwei/.m2/repository/org/codehaus/woodstox/stax2-api/3.1.4/stax2-api-3.1.4.jar:/Users/wangsiwei/.m2/repository/org/springframework/cloud/spring-cloud-starter-netflix-archaius/2.0.2.RELEASE/spring-cloud-starter-netflix-archaius-2.0.2.RELEASE.jar:/Users/wangsiwei/.m2/repository/org/springframework/cloud/spring-cloud-netflix-ribbon/2.0.2.RELEASE/spring-cloud-netflix-ribbon-2.0.2.RELEASE.jar:/Users/wangsiwei/.m2/repository/org/springframework/cloud/spring-cloud-netflix-archaius/2.0.2.RELEASE/spring-cloud-netflix-archaius-2.0.2.RELEASE.jar:/Users/wangsiwei/.m2/repository/commons-configuration/commons-configuration/1.8/commons-configuration-1.8.jar:/Users/wangsiwei/.m2/repository/commons-lang/commons-lang/2.6/commons-lang-2.6.jar:/Users/wangsiwei/.m2/repository/org/springframework/cloud/spring-cloud-starter-netflix-ribbon/2.0.2.RELEASE/spring-cloud-starter-netflix-ribbon-2.0.2.RELEASE.jar:/Users/wangsiwei/.m2/repository/com/netflix/ribbon/ribbon/2.2.5/ribbon-2.2.5.jar:/Users/wangsiwei/.m2/repository/com/netflix/ribbon/ribbon-transport/2.2.5/ribbon-transport-2.2.5.jar:/Users/wangsiwei/.m2/repository/io/reactivex/rxnetty-contexts/0.4.9/rxnetty-contexts-0.4.9.jar:/Users/wangsiwei/.m2/repository/io/reactivex/rxnetty-servo/0.4.9/rxnetty-servo-0.4.9.jar:/Users/wangsiwei/.m2/repository/io/reactivex/rxnetty/0.4.9/rxnetty-0.4.9.jar:/Users/wangsiwei/.m2/repository/com/netflix/ribbon/ribbon-core/2.2.5/ribbon-core-2.2.5.jar:/Users/wangsiwei/.m2/repository/com/netflix/ribbon/ribbon-httpclient/2.2.5/ribbon-httpclient-2.2.5.jar:/Users/wangsiwei/.m2/repository/commons-collections/commons-collections/3.2.2/commons-collections-3.2.2.jar:/Users/wangsiwei/.m2/repository/com/netflix/netflix-commons/netflix-commons-util/0.3.0/netflix-commons-util-0.3.0.jar:/Users/wangsiwei/.m2/repository/com/netflix/ribbon/ribbon-loadbalancer/2.2.5/ribbon-loadbalancer-2.2.5.jar:/Users/wangsiwei/.m2/repository/com/netflix/netflix-commons/netflix-statistics/0.1.1/netflix-statistics-0.1.1.jar:/Users/wangsiwei/.m2/repository/io/reactivex/rxjava/1.3.8/rxjava-1.3.8.jar:/Users/wangsiwei/.m2/repository/com/netflix/ribbon/ribbon-eureka/2.2.5/ribbon-eureka-2.2.5.jar:/Users/wangsiwei/.m2/repository/com/thoughtworks/xstream/xstream/1.4.10/xstream-1.4.10.jar:/Users/wangsiwei/.m2/repository/xmlpull/xmlpull/1.1.3.1/xmlpull-1.1.3.1.jar:/Users/wangsiwei/.m2/repository/xpp3/xpp3_min/1.1.4c/xpp3_min-1.1.4c.jar:/Users/wangsiwei/.m2/repository/org/springframework/cloud/spring-cloud-starter-openfeign/2.0.2.RELEASE/spring-cloud-starter-openfeign-2.0.2.RELEASE.jar:/Users/wangsiwei/.m2/repository/org/springframework/cloud/spring-cloud-openfeign-core/2.0.2.RELEASE/spring-cloud-openfeign-core-2.0.2.RELEASE.jar:/Users/wangsiwei/.m2/repository/io/github/openfeign/form/feign-form-spring/3.3.0/feign-form-spring-3.3.0.jar:/Users/wangsiwei/.m2/repository/io/github/openfeign/form/feign-form/3.3.0/feign-form-3.3.0.jar:/Users/wangsiwei/.m2/repository/com/google/code/findbugs/annotations/3.0.1/annotations-3.0.1.jar:/Users/wangsiwei/.m2/repository/net/jcip/jcip-annotations/1.0/jcip-annotations-1.0.jar:/Users/wangsiwei/.m2/repository/com/google/code/findbugs/jsr305/3.0.1/jsr305-3.0.1.jar:/Users/wangsiwei/.m2/repository/commons-fileupload/commons-fileupload/1.3.3/commons-fileupload-1.3.3.jar:/Users/wangsiwei/.m2/repository/commons-io/commons-io/2.2/commons-io-2.2.jar:/Users/wangsiwei/.m2/repository/org/springframework/cloud/spring-cloud-commons/2.0.2.RELEASE/spring-cloud-commons-2.0.2.RELEASE.jar:/Users/wangsiwei/.m2/repository/org/springframework/security/spring-security-crypto/5.0.10.RELEASE/spring-security-crypto-5.0.10.RELEASE.jar:/Users/wangsiwei/.m2/repository/io/github/openfeign/feign-core/9.7.0/feign-core-9.7.0.jar:/Users/wangsiwei/.m2/repository/io/github/openfeign/feign-slf4j/9.7.0/feign-slf4j-9.7.0.jar:/Users/wangsiwei/.m2/repository/io/github/openfeign/feign-hystrix/9.7.0/feign-hystrix-9.7.0.jar:/Users/wangsiwei/.m2/repository/com/netflix/hystrix/hystrix-core/1.5.12/hystrix-core-1.5.12.jar:/Users/wangsiwei/.m2/repository/org/hdrhistogram/HdrHistogram/2.1.9/HdrHistogram-2.1.9.jar:/Users/wangsiwei/.m2/repository/io/github/openfeign/feign-java8/9.7.0/feign-java8-9.7.0.jar:/Users/wangsiwei/.m2/repository/com/leyou/item/leyou-item-interface/1.0.0-SNAPSHOT/leyou-item-interface-1.0.0-SNAPSHOT.jar:/Users/wangsiwei/.m2/repository/com/sun/xml/bind/jaxb-core/2.3.0/jaxb-core-2.3.0.jar:/Users/wangsiwei/.m2/repository/javax/persistence/persistence-api/1.0/persistence-api-1.0.jar:/Users/wangsiwei/.m2/repository/org/yaml/snakeyaml/1.19/snakeyaml-1.19.jar:/Users/wangsiwei/.m2/repository/com/leyou/common/leyou-common/1.0.0-SNAPSHOT/leyou-common-1.0.0-SNAPSHOT.jar:/Users/wangsiwei/.m2/repository/org/springframework/boot/spring-boot-starter-test/2.0.7.RELEASE/spring-boot-starter-test-2.0.7.RELEASE.jar:/Users/wangsiwei/.m2/repository/org/springframework/boot/spring-boot-test/2.0.7.RELEASE/spring-boot-test-2.0.7.RELEASE.jar:/Users/wangsiwei/.m2/repository/org/springframework/boot/spring-boot-test-autoconfigure/2.0.7.RELEASE/spring-boot-test-autoconfigure-2.0.7.RELEASE.jar:/Users/wangsiwei/.m2/repository/com/jayway/jsonpath/json-path/2.4.0/json-path-2.4.0.jar:/Users/wangsiwei/.m2/repository/net/minidev/json-smart/2.3/json-smart-2.3.jar:/Users/wangsiwei/.m2/repository/net/minidev/accessors-smart/1.2/accessors-smart-1.2.jar:/Users/wangsiwei/.m2/repository/org/ow2/asm/asm/5.0.4/asm-5.0.4.jar:/Users/wangsiwei/.m2/repository/junit/junit/4.12/junit-4.12.jar:/Users/wangsiwei/.m2/repository/org/assertj/assertj-core/3.9.1/assertj-core-3.9.1.jar:/Users/wangsiwei/.m2/repository/org/mockito/mockito-core/2.15.0/mockito-core-2.15.0.jar:/Users/wangsiwei/.m2/repository/net/bytebuddy/byte-buddy/1.7.11/byte-buddy-1.7.11.jar:/Users/wangsiwei/.m2/repository/net/bytebuddy/byte-buddy-agent/1.7.11/byte-buddy-agent-1.7.11.jar:/Users/wangsiwei/.m2/repository/org/objenesis/objenesis/2.6/objenesis-2.6.jar:/Users/wangsiwei/.m2/repository/org/hamcrest/hamcrest-core/1.3/hamcrest-core-1.3.jar:/Users/wangsiwei/.m2/repository/org/hamcrest/hamcrest-library/1.3/hamcrest-library-1.3.jar:/Users/wangsiwei/.m2/repository/org/skyscreamer/jsonassert/1.5.0/jsonassert-1.5.0.jar:/Users/wangsiwei/.m2/repository/com/vaadin/external/google/android-json/0.0.20131108.vaadin1/android-json-0.0.20131108.vaadin1.jar:/Users/wangsiwei/.m2/repository/org/springframework/spring-core/5.0.11.RELEASE/spring-core-5.0.11.RELEASE.jar:/Users/wangsiwei/.m2/repository/org/springframework/spring-jcl/5.0.11.RELEASE/spring-jcl-5.0.11.RELEASE.jar:/Users/wangsiwei/.m2/repository/org/springframework/spring-test/5.0.11.RELEASE/spring-test-5.0.11.RELEASE.jar:/Users/wangsiwei/.m2/repository/org/xmlunit/xmlunit-core/2.5.1/xmlunit-core-2.5.1.jar:/Users/wangsiwei/.m2/repository/org/projectlombok/lombok/1.16.22/lombok-1.16.22.jar:, java.vm.vendor=JetBrains s.r.o., sun.arch.data.model=64, java.vendor.url=https://openjdk.java.net/, user.timezone=Europe/Amsterdam, os.name=Mac OS X, java.vm.specification.version=11, sun.java.launcher=SUN_STANDARD, user.country=GB, sun.boot.library.path=/Applications/IntelliJ IDEA.app/Contents/jbr/Contents/Home/lib, sun.java.command=/Users/wangsiwei/Desktop/E-shopApplication/leyou/leyou-search/target/surefire/surefirebooter14373555148847735643.jar /Users/wangsiwei/Desktop/E-shopApplication/leyou/leyou-search/target/surefire 2021-07-29T19-19-14_805-jvmRun1 surefire18030773557172240312tmp surefire_016381686978920746787tmp, jdk.debug=release, surefire.test.class.path=/Users/wangsiwei/Desktop/E-shopApplication/leyou/leyou-search/target/test-classes:/Users/wangsiwei/Desktop/E-shopApplication/leyou/leyou-search/target/classes:/Users/wangsiwei/.m2/repository/org/springframework/boot/spring-boot-starter-web/2.0.7.RELEASE/spring-boot-starter-web-2.0.7.RELEASE.jar:/Users/wangsiwei/.m2/repository/org/springframework/boot/spring-boot-starter/2.0.7.RELEASE/spring-boot-starter-2.0.7.RELEASE.jar:/Users/wangsiwei/.m2/repository/org/springframework/boot/spring-boot/2.0.7.RELEASE/spring-boot-2.0.7.RELEASE.jar:/Users/wangsiwei/.m2/repository/org/springframework/boot/spring-boot-autoconfigure/2.0.7.RELEASE/spring-boot-autoconfigure-2.0.7.RELEASE.jar:/Users/wangsiwei/.m2/repository/org/springframework/boot/spring-boot-starter-logging/2.0.7.RELEASE/spring-boot-starter-logging-2.0.7.RELEASE.jar:/Users/wangsiwei/.m2/repository/ch/qos/logback/logback-classic/1.2.3/logback-classic-1.2.3.jar:/Users/wangsiwei/.m2/repository/ch/qos/logback/logback-core/1.2.3/logback-core-1.2.3.jar:/Users/wangsiwei/.m2/repository/org/apache/logging/log4j/log4j-to-slf4j/2.10.0/log4j-to-slf4j-2.10.0.jar:/Users/wangsiwei/.m2/repository/org/slf4j/jul-to-slf4j/1.7.25/jul-to-slf4j-1.7.25.jar:/Users/wangsiwei/.m2/repository/javax/annotation/javax.annotation-api/1.3.2/javax.annotation-api-1.3.2.jar:/Users/wangsiwei/.m2/repository/org/springframework/boot/spring-boot-starter-json/2.0.7.RELEASE/spring-boot-starter-json-2.0.7.RELEASE.jar:/Users/wangsiwei/.m2/repository/com/fasterxml/jackson/core/jackson-databind/2.9.7/jackson-databind-2.9.7.jar:/Users/wangsiwei/.m2/repository/com/fasterxml/jackson/datatype/jackson-datatype-jdk8/2.9.7/jackson-datatype-jdk8-2.9.7.jar:/Users/wangsiwei/.m2/repository/com/fasterxml/jackson/datatype/jackson-datatype-jsr310/2.9.7/jackson-datatype-jsr310-2.9.7.jar:/Users/wangsiwei/.m2/repository/com/fasterxml/jackson/module/jackson-module-parameter-names/2.9.7/jackson-module-parameter-names-2.9.7.jar:/Users/wangsiwei/.m2/repository/org/springframework/boot/spring-boot-starter-tomcat/2.0.7.RELEASE/spring-boot-starter-tomcat-2.0.7.RELEASE.jar:/Users/wangsiwei/.m2/repository/org/apache/tomcat/embed/tomcat-embed-core/8.5.35/tomcat-embed-core-8.5.35.jar:/Users/wangsiwei/.m2/repository/org/apache/tomcat/embed/tomcat-embed-el/8.5.35/tomcat-embed-el-8.5.35.jar:/Users/wangsiwei/.m2/repository/org/apache/tomcat/embed/tomcat-embed-websocket/8.5.35/tomcat-embed-websocket-8.5.35.jar:/Users/wangsiwei/.m2/repository/org/hibernate/validator/hibernate-validator/6.0.13.Final/hibernate-validator-6.0.13.Final.jar:/Users/wangsiwei/.m2/repository/javax/validation/validation-api/2.0.1.Final/validation-api-2.0.1.Final.jar:/Users/wangsiwei/.m2/repository/org/jboss/logging/jboss-logging/3.3.2.Final/jboss-logging-3.3.2.Final.jar:/Users/wangsiwei/.m2/repository/com/fasterxml/classmate/1.3.4/classmate-1.3.4.jar:/Users/wangsiwei/.m2/repository/org/springframework/spring-web/5.0.11.RELEASE/spring-web-5.0.11.RELEASE.jar:/Users/wangsiwei/.m2/repository/org/springframework/spring-beans/5.0.11.RELEASE/spring-beans-5.0.11.RELEASE.jar:/Users/wangsiwei/.m2/repository/org/springframework/spring-webmvc/5.0.11.RELEASE/spring-webmvc-5.0.11.RELEASE.jar:/Users/wangsiwei/.m2/repository/org/springframework/spring-aop/5.0.11.RELEASE/spring-aop-5.0.11.RELEASE.jar:/Users/wangsiwei/.m2/repository/org/springframework/spring-context/5.0.11.RELEASE/spring-context-5.0.11.RELEASE.jar:/Users/wangsiwei/.m2/repository/org/springframework/spring-expression/5.0.11.RELEASE/spring-expression-5.0.11.RELEASE.jar:/Users/wangsiwei/.m2/repository/org/springframework/boot/spring-boot-starter-data-elasticsearch/2.0.7.RELEASE/spring-boot-starter-data-elasticsearch-2.0.7.RELEASE.jar:/Users/wangsiwei/.m2/repository/org/springframework/data/spring-data-elasticsearch/3.0.12.RELEASE/spring-data-elasticsearch-3.0.12.RELEASE.jar:/Users/wangsiwei/.m2/repository/org/springframework/spring-tx/5.0.11.RELEASE/spring-tx-5.0.11.RELEASE.jar:/Users/wangsiwei/.m2/repository/org/springframework/data/spring-data-commons/2.0.12.RELEASE/spring-data-commons-2.0.12.RELEASE.jar:/Users/wangsiwei/.m2/repository/joda-time/joda-time/2.9.9/joda-time-2.9.9.jar:/Users/wangsiwei/.m2/repository/org/elasticsearch/client/transport/5.6.13/transport-5.6.13.jar:/Users/wangsiwei/.m2/repository/org/elasticsearch/elasticsearch/5.6.13/elasticsearch-5.6.13.jar:/Users/wangsiwei/.m2/repository/org/apache/lucene/lucene-core/6.6.1/lucene-core-6.6.1.jar:/Users/wangsiwei/.m2/repository/org/apache/lucene/lucene-analyzers-common/6.6.1/lucene-analyzers-common-6.6.1.jar:/Users/wangsiwei/.m2/repository/org/apache/lucene/lucene-backward-codecs/6.6.1/lucene-backward-codecs-6.6.1.jar:/Users/wangsiwei/.m2/repository/org/apache/lucene/lucene-grouping/6.6.1/lucene-grouping-6.6.1.jar:/Users/wangsiwei/.m2/repository/org/apache/lucene/lucene-highlighter/6.6.1/lucene-highlighter-6.6.1.jar:/Users/wangsiwei/.m2/repository/org/apache/lucene/lucene-join/6.6.1/lucene-join-6.6.1.jar:/Users/wangsiwei/.m2/repository/org/apache/lucene/lucene-memory/6.6.1/lucene-memory-6.6.1.jar:/Users/wangsiwei/.m2/repository/org/apache/lucene/lucene-misc/6.6.1/lucene-misc-6.6.1.jar:/Users/wangsiwei/.m2/repository/org/apache/lucene/lucene-queries/6.6.1/lucene-queries-6.6.1.jar:/Users/wangsiwei/.m2/repository/org/apache/lucene/lucene-queryparser/6.6.1/lucene-queryparser-6.6.1.jar:/Users/wangsiwei/.m2/repository/org/apache/lucene/lucene-sandbox/6.6.1/lucene-sandbox-6.6.1.jar:/Users/wangsiwei/.m2/repository/org/apache/lucene/lucene-spatial/6.6.1/lucene-spatial-6.6.1.jar:/Users/wangsiwei/.m2/repository/org/apache/lucene/lucene-spatial-extras/6.6.1/lucene-spatial-extras-6.6.1.jar:/Users/wangsiwei/.m2/repository/org/apache/lucene/lucene-spatial3d/6.6.1/lucene-spatial3d-6.6.1.jar:/Users/wangsiwei/.m2/repository/org/apache/lucene/lucene-suggest/6.6.1/lucene-suggest-6.6.1.jar:/Users/wangsiwei/.m2/repository/org/elasticsearch/securesm/1.2/securesm-1.2.jar:/Users/wangsiwei/.m2/repository/net/sf/jopt-simple/jopt-simple/5.0.2/jopt-simple-5.0.2.jar:/Users/wangsiwei/.m2/repository/com/carrotsearch/hppc/0.7.1/hppc-0.7.1.jar:/Users/wangsiwei/.m2/repository/com/fasterxml/jackson/dataformat/jackson-dataformat-smile/2.9.7/jackson-dataformat-smile-2.9.7.jar:/Users/wangsiwei/.m2/repository/com/fasterxml/jackson/dataformat/jackson-dataformat-yaml/2.9.7/jackson-dataformat-yaml-2.9.7.jar:/Users/wangsiwei/.m2/repository/com/fasterxml/jackson/dataformat/jackson-dataformat-cbor/2.9.7/jackson-dataformat-cbor-2.9.7.jar:/Users/wangsiwei/.m2/repository/com/tdunning/t-digest/3.0/t-digest-3.0.jar:/Users/wangsiwei/.m2/repository/org/elasticsearch/plugin/reindex-client/5.6.13/reindex-client-5.6.13.jar:/Users/wangsiwei/.m2/repository/org/elasticsearch/client/elasticsearch-rest-client/5.6.13/elasticsearch-rest-client-5.6.13.jar:/Users/wangsiwei/.m2/repository/org/apache/httpcomponents/httpasyncclient/4.1.4/httpasyncclient-4.1.4.jar:/Users/wangsiwei/.m2/repository/org/apache/httpcomponents/httpcore-nio/4.4.10/httpcore-nio-4.4.10.jar:/Users/wangsiwei/.m2/repository/org/elasticsearch/plugin/lang-mustache-client/5.6.13/lang-mustache-client-5.6.13.jar:/Users/wangsiwei/.m2/repository/com/github/spullara/mustache/java/compiler/0.9.3/compiler-0.9.3.jar:/Users/wangsiwei/.m2/repository/org/elasticsearch/plugin/percolator-client/5.6.13/percolator-client-5.6.13.jar:/Users/wangsiwei/.m2/repository/org/elasticsearch/plugin/parent-join-client/5.6.13/parent-join-client-5.6.13.jar:/Users/wangsiwei/.m2/repository/org/elasticsearch/plugin/transport-netty4-client/5.6.13/transport-netty4-client-5.6.13.jar:/Users/wangsiwei/.m2/repository/io/netty/netty-buffer/4.1.31.Final/netty-buffer-4.1.31.Final.jar:/Users/wangsiwei/.m2/repository/io/netty/netty-codec/4.1.31.Final/netty-codec-4.1.31.Final.jar:/Users/wangsiwei/.m2/repository/io/netty/netty-codec-http/4.1.31.Final/netty-codec-http-4.1.31.Final.jar:/Users/wangsiwei/.m2/repository/io/netty/netty-common/4.1.31.Final/netty-common-4.1.31.Final.jar:/Users/wangsiwei/.m2/repository/io/netty/netty-handler/4.1.31.Final/netty-handler-4.1.31.Final.jar:/Users/wangsiwei/.m2/repository/io/netty/netty-resolver/4.1.31.Final/netty-resolver-4.1.31.Final.jar:/Users/wangsiwei/.m2/repository/io/netty/netty-transport/4.1.31.Final/netty-transport-4.1.31.Final.jar:/Users/wangsiwei/.m2/repository/org/locationtech/spatial4j/spatial4j/0.6/spatial4j-0.6.jar:/Users/wangsiwei/.m2/repository/com/vividsolutions/jts/1.13/jts-1.13.jar:/Users/wangsiwei/.m2/repository/org/apache/logging/log4j/log4j-api/2.10.0/log4j-api-2.10.0.jar:/Users/wangsiwei/.m2/repository/org/elasticsearch/jna/4.4.0-1/jna-4.4.0-1.jar:/Users/wangsiwei/.m2/repository/com/fasterxml/jackson/core/jackson-core/2.9.7/jackson-core-2.9.7.jar:/Users/wangsiwei/.m2/repository/org/slf4j/slf4j-api/1.7.25/slf4j-api-1.7.25.jar:/Users/wangsiwei/.m2/repository/org/springframework/cloud/spring-cloud-starter-netflix-eureka-client/2.0.2.RELEASE/spring-cloud-starter-netflix-eureka-client-2.0.2.RELEASE.jar:/Users/wangsiwei/.m2/repository/org/springframework/cloud/spring-cloud-starter/2.0.2.RELEASE/spring-cloud-starter-2.0.2.RELEASE.jar:/Users/wangsiwei/.m2/repository/org/springframework/cloud/spring-cloud-context/2.0.2.RELEASE/spring-cloud-context-2.0.2.RELEASE.jar:/Users/wangsiwei/.m2/repository/org/springframework/security/spring-security-rsa/1.0.7.RELEASE/spring-security-rsa-1.0.7.RELEASE.jar:/Users/wangsiwei/.m2/repository/org/bouncycastle/bcpkix-jdk15on/1.60/bcpkix-jdk15on-1.60.jar:/Users/wangsiwei/.m2/repository/org/bouncycastle/bcprov-jdk15on/1.60/bcprov-jdk15on-1.60.jar:/Users/wangsiwei/.m2/repository/org/springframework/cloud/spring-cloud-netflix-core/2.0.2.RELEASE/spring-cloud-netflix-core-2.0.2.RELEASE.jar:/Users/wangsiwei/.m2/repository/org/springframework/boot/spring-boot-starter-aop/2.0.7.RELEASE/spring-boot-starter-aop-2.0.7.RELEASE.jar:/Users/wangsiwei/.m2/repository/org/aspectj/aspectjweaver/1.8.13/aspectjweaver-1.8.13.jar:/Users/wangsiwei/.m2/repository/org/springframework/cloud/spring-cloud-netflix-eureka-client/2.0.2.RELEASE/spring-cloud-netflix-eureka-client-2.0.2.RELEASE.jar:/Users/wangsiwei/.m2/repository/com/netflix/eureka/eureka-client/1.9.3/eureka-client-1.9.3.jar:/Users/wangsiwei/.m2/repository/org/codehaus/jettison/jettison/1.3.7/jettison-1.3.7.jar:/Users/wangsiwei/.m2/repository/stax/stax-api/1.0.1/stax-api-1.0.1.jar:/Users/wangsiwei/.m2/repository/com/netflix/netflix-commons/netflix-eventbus/0.3.0/netflix-eventbus-0.3.0.jar:/Users/wangsiwei/.m2/repository/com/netflix/netflix-commons/netflix-infix/0.3.0/netflix-infix-0.3.0.jar:/Users/wangsiwei/.m2/repository/commons-jxpath/commons-jxpath/1.3/commons-jxpath-1.3.jar:/Users/wangsiwei/.m2/repository/org/antlr/antlr-runtime/3.4/antlr-runtime-3.4.jar:/Users/wangsiwei/.m2/repository/org/antlr/stringtemplate/3.2.1/stringtemplate-3.2.1.jar:/Users/wangsiwei/.m2/repository/antlr/antlr/2.7.7/antlr-2.7.7.jar:/Users/wangsiwei/.m2/repository/com/google/code/gson/gson/2.8.5/gson-2.8.5.jar:/Users/wangsiwei/.m2/repository/org/apache/commons/commons-math/2.2/commons-math-2.2.jar:/Users/wangsiwei/.m2/repository/com/netflix/archaius/archaius-core/0.7.6/archaius-core-0.7.6.jar:/Users/wangsiwei/.m2/repository/com/google/guava/guava/16.0/guava-16.0.jar:/Users/wangsiwei/.m2/repository/javax/ws/rs/jsr311-api/1.1.1/jsr311-api-1.1.1.jar:/Users/wangsiwei/.m2/repository/com/netflix/servo/servo-core/0.12.21/servo-core-0.12.21.jar:/Users/wangsiwei/.m2/repository/com/sun/jersey/jersey-core/1.19.1/jersey-core-1.19.1.jar:/Users/wangsiwei/.m2/repository/com/sun/jersey/jersey-client/1.19.1/jersey-client-1.19.1.jar:/Users/wangsiwei/.m2/repository/com/sun/jersey/contribs/jersey-apache-client4/1.19.1/jersey-apache-client4-1.19.1.jar:/Users/wangsiwei/.m2/repository/org/apache/httpcomponents/httpclient/4.5.6/httpclient-4.5.6.jar:/Users/wangsiwei/.m2/repository/org/apache/httpcomponents/httpcore/4.4.10/httpcore-4.4.10.jar:/Users/wangsiwei/.m2/repository/commons-codec/commons-codec/1.11/commons-codec-1.11.jar:/Users/wangsiwei/.m2/repository/com/google/inject/guice/4.1.0/guice-4.1.0.jar:/Users/wangsiwei/.m2/repository/javax/inject/javax.inject/1/javax.inject-1.jar:/Users/wangsiwei/.m2/repository/aopalliance/aopalliance/1.0/aopalliance-1.0.jar:/Users/wangsiwei/.m2/repository/com/github/vlsi/compactmap/compactmap/1.2.1/compactmap-1.2.1.jar:/Users/wangsiwei/.m2/repository/com/github/andrewoma/dexx/dexx-collections/0.2/dexx-collections-0.2.jar:/Users/wangsiwei/.m2/repository/com/fasterxml/jackson/core/jackson-annotations/2.9.0/jackson-annotations-2.9.0.jar:/Users/wangsiwei/.m2/repository/com/netflix/eureka/eureka-core/1.9.3/eureka-core-1.9.3.jar:/Users/wangsiwei/.m2/repository/org/codehaus/woodstox/woodstox-core-asl/4.4.1/woodstox-core-asl-4.4.1.jar:/Users/wangsiwei/.m2/repository/javax/xml/stream/stax-api/1.0-2/stax-api-1.0-2.jar:/Users/wangsiwei/.m2/repository/org/codehaus/woodstox/stax2-api/3.1.4/stax2-api-3.1.4.jar:/Users/wangsiwei/.m2/repository/org/springframework/cloud/spring-cloud-starter-netflix-archaius/2.0.2.RELEASE/spring-cloud-starter-netflix-archaius-2.0.2.RELEASE.jar:/Users/wangsiwei/.m2/repository/org/springframework/cloud/spring-cloud-netflix-ribbon/2.0.2.RELEASE/spring-cloud-netflix-ribbon-2.0.2.RELEASE.jar:/Users/wangsiwei/.m2/repository/org/springframework/cloud/spring-cloud-netflix-archaius/2.0.2.RELEASE/spring-cloud-netflix-archaius-2.0.2.RELEASE.jar:/Users/wangsiwei/.m2/repository/commons-configuration/commons-configuration/1.8/commons-configuration-1.8.jar:/Users/wangsiwei/.m2/repository/commons-lang/commons-lang/2.6/commons-lang-2.6.jar:/Users/wangsiwei/.m2/repository/org/springframework/cloud/spring-cloud-starter-netflix-ribbon/2.0.2.RELEASE/spring-cloud-starter-netflix-ribbon-2.0.2.RELEASE.jar:/Users/wangsiwei/.m2/repository/com/netflix/ribbon/ribbon/2.2.5/ribbon-2.2.5.jar:/Users/wangsiwei/.m2/repository/com/netflix/ribbon/ribbon-transport/2.2.5/ribbon-transport-2.2.5.jar:/Users/wangsiwei/.m2/repository/io/reactivex/rxnetty-contexts/0.4.9/rxnetty-contexts-0.4.9.jar:/Users/wangsiwei/.m2/repository/io/reactivex/rxnetty-servo/0.4.9/rxnetty-servo-0.4.9.jar:/Users/wangsiwei/.m2/repository/io/reactivex/rxnetty/0.4.9/rxnetty-0.4.9.jar:/Users/wangsiwei/.m2/repository/com/netflix/ribbon/ribbon-core/2.2.5/ribbon-core-2.2.5.jar:/Users/wangsiwei/.m2/repository/com/netflix/ribbon/ribbon-httpclient/2.2.5/ribbon-httpclient-2.2.5.jar:/Users/wangsiwei/.m2/repository/commons-collections/commons-collections/3.2.2/commons-collections-3.2.2.jar:/Users/wangsiwei/.m2/repository/com/netflix/netflix-commons/netflix-commons-util/0.3.0/netflix-commons-util-0.3.0.jar:/Users/wangsiwei/.m2/repository/com/netflix/ribbon/ribbon-loadbalancer/2.2.5/ribbon-loadbalancer-2.2.5.jar:/Users/wangsiwei/.m2/repository/com/netflix/netflix-commons/netflix-statistics/0.1.1/netflix-statistics-0.1.1.jar:/Users/wangsiwei/.m2/repository/io/reactivex/rxjava/1.3.8/rxjava-1.3.8.jar:/Users/wangsiwei/.m2/repository/com/netflix/ribbon/ribbon-eureka/2.2.5/ribbon-eureka-2.2.5.jar:/Users/wangsiwei/.m2/repository/com/thoughtworks/xstream/xstream/1.4.10/xstream-1.4.10.jar:/Users/wangsiwei/.m2/repository/xmlpull/xmlpull/1.1.3.1/xmlpull-1.1.3.1.jar:/Users/wangsiwei/.m2/repository/xpp3/xpp3_min/1.1.4c/xpp3_min-1.1.4c.jar:/Users/wangsiwei/.m2/repository/org/springframework/cloud/spring-cloud-starter-openfeign/2.0.2.RELEASE/spring-cloud-starter-openfeign-2.0.2.RELEASE.jar:/Users/wangsiwei/.m2/repository/org/springframework/cloud/spring-cloud-openfeign-core/2.0.2.RELEASE/spring-cloud-openfeign-core-2.0.2.RELEASE.jar:/Users/wangsiwei/.m2/repository/io/github/openfeign/form/feign-form-spring/3.3.0/feign-form-spring-3.3.0.jar:/Users/wangsiwei/.m2/repository/io/github/openfeign/form/feign-form/3.3.0/feign-form-3.3.0.jar:/Users/wangsiwei/.m2/repository/com/google/code/findbugs/annotations/3.0.1/annotations-3.0.1.jar:/Users/wangsiwei/.m2/repository/net/jcip/jcip-annotations/1.0/jcip-annotations-1.0.jar:/Users/wangsiwei/.m2/repository/com/google/code/findbugs/jsr305/3.0.1/jsr305-3.0.1.jar:/Users/wangsiwei/.m2/repository/commons-fileupload/commons-fileupload/1.3.3/commons-fileupload-1.3.3.jar:/Users/wangsiwei/.m2/repository/commons-io/commons-io/2.2/commons-io-2.2.jar:/Users/wangsiwei/.m2/repository/org/springframework/cloud/spring-cloud-commons/2.0.2.RELEASE/spring-cloud-commons-2.0.2.RELEASE.jar:/Users/wangsiwei/.m2/repository/org/springframework/security/spring-security-crypto/5.0.10.RELEASE/spring-security-crypto-5.0.10.RELEASE.jar:/Users/wangsiwei/.m2/repository/io/github/openfeign/feign-core/9.7.0/feign-core-9.7.0.jar:/Users/wangsiwei/.m2/repository/io/github/openfeign/feign-slf4j/9.7.0/feign-slf4j-9.7.0.jar:/Users/wangsiwei/.m2/repository/io/github/openfeign/feign-hystrix/9.7.0/feign-hystrix-9.7.0.jar:/Users/wangsiwei/.m2/repository/com/netflix/hystrix/hystrix-core/1.5.12/hystrix-core-1.5.12.jar:/Users/wangsiwei/.m2/repository/org/hdrhistogram/HdrHistogram/2.1.9/HdrHistogram-2.1.9.jar:/Users/wangsiwei/.m2/repository/io/github/openfeign/feign-java8/9.7.0/feign-java8-9.7.0.jar:/Users/wangsiwei/.m2/repository/com/leyou/item/leyou-item-interface/1.0.0-SNAPSHOT/leyou-item-interface-1.0.0-SNAPSHOT.jar:/Users/wangsiwei/.m2/repository/com/sun/xml/bind/jaxb-core/2.3.0/jaxb-core-2.3.0.jar:/Users/wangsiwei/.m2/repository/javax/persistence/persistence-api/1.0/persistence-api-1.0.jar:/Users/wangsiwei/.m2/repository/org/yaml/snakeyaml/1.19/snakeyaml-1.19.jar:/Users/wangsiwei/.m2/repository/com/leyou/common/leyou-common/1.0.0-SNAPSHOT/leyou-common-1.0.0-SNAPSHOT.jar:/Users/wangsiwei/.m2/repository/org/springframework/boot/spring-boot-starter-test/2.0.7.RELEASE/spring-boot-starter-test-2.0.7.RELEASE.jar:/Users/wangsiwei/.m2/repository/org/springframework/boot/spring-boot-test/2.0.7.RELEASE/spring-boot-test-2.0.7.RELEASE.jar:/Users/wangsiwei/.m2/repository/org/springframework/boot/spring-boot-test-autoconfigure/2.0.7.RELEASE/spring-boot-test-autoconfigure-2.0.7.RELEASE.jar:/Users/wangsiwei/.m2/repository/com/jayway/jsonpath/json-path/2.4.0/json-path-2.4.0.jar:/Users/wangsiwei/.m2/repository/net/minidev/json-smart/2.3/json-smart-2.3.jar:/Users/wangsiwei/.m2/repository/net/minidev/accessors-smart/1.2/accessors-smart-1.2.jar:/Users/wangsiwei/.m2/repository/org/ow2/asm/asm/5.0.4/asm-5.0.4.jar:/Users/wangsiwei/.m2/repository/junit/junit/4.12/junit-4.12.jar:/Users/wangsiwei/.m2/repository/org/assertj/assertj-core/3.9.1/assertj-core-3.9.1.jar:/Users/wangsiwei/.m2/repository/org/mockito/mockito-core/2.15.0/mockito-core-2.15.0.jar:/Users/wangsiwei/.m2/repository/net/bytebuddy/byte-buddy/1.7.11/byte-buddy-1.7.11.jar:/Users/wangsiwei/.m2/repository/net/bytebuddy/byte-buddy-agent/1.7.11/byte-buddy-agent-1.7.11.jar:/Users/wangsiwei/.m2/repository/org/objenesis/objenesis/2.6/objenesis-2.6.jar:/Users/wangsiwei/.m2/repository/org/hamcrest/hamcrest-core/1.3/hamcrest-core-1.3.jar:/Users/wangsiwei/.m2/repository/org/hamcrest/hamcrest-library/1.3/hamcrest-library-1.3.jar:/Users/wangsiwei/.m2/repository/org/skyscreamer/jsonassert/1.5.0/jsonassert-1.5.0.jar:/Users/wangsiwei/.m2/repository/com/vaadin/external/google/android-json/0.0.20131108.vaadin1/android-json-0.0.20131108.vaadin1.jar:/Users/wangsiwei/.m2/repository/org/springframework/spring-core/5.0.11.RELEASE/spring-core-5.0.11.RELEASE.jar:/Users/wangsiwei/.m2/repository/org/springframework/spring-jcl/5.0.11.RELEASE/spring-jcl-5.0.11.RELEASE.jar:/Users/wangsiwei/.m2/repository/org/springframework/spring-test/5.0.11.RELEASE/spring-test-5.0.11.RELEASE.jar:/Users/wangsiwei/.m2/repository/org/xmlunit/xmlunit-core/2.5.1/xmlunit-core-2.5.1.jar:/Users/wangsiwei/.m2/repository/org/projectlombok/lombok/1.16.22/lombok-1.16.22.jar:, sun.cpu.endian=little, user.home=/Users/wangsiwei, user.language=zh, java.specification.vendor=Oracle Corporation, java.version.date=2021-04-20, java.home=/Applications/IntelliJ IDEA.app/Contents/jbr/Contents/Home, file.separator=/, basedir=/Users/wangsiwei/Desktop/E-shopApplication/leyou/leyou-search, java.vm.compressedOopsMode=Zero based, line.separator=
, java.specification.name=Java Platform API Specification, java.vm.specification.vendor=Oracle Corporation, java.awt.graphicsenv=sun.awt.CGraphicsEnvironment, surefire.real.class.path=/Users/wangsiwei/Desktop/E-shopApplication/leyou/leyou-search/target/surefire/surefirebooter14373555148847735643.jar, user.script=Hans, sun.management.compiler=HotSpot 64-Bit Tiered Compilers, java.runtime.version=11.0.11+9-b1341.60, user.name=wangsiwei, path.separator=:, os.version=11.2, java.runtime.name=OpenJDK Runtime Environment, file.encoding=UTF-8, java.vm.name=OpenJDK 64-Bit Server VM, java.vendor.version=JBR-11.0.11.9-1341.60-jcef, localRepository=/Users/wangsiwei/.m2/repository, java.vendor.url.bug=https://bugreport.java.com/bugreport/, java.io.tmpdir=/var/folders/sx/k7w_5wtj571c2c7z348t0yr80000gn/T/, idea.version=2021.1.3, java.version=11.0.11, user.dir=/Users/wangsiwei/Desktop/E-shopApplication/leyou/leyou-search, os.arch=x86_64, java.vm.specification.name=Java Virtual Machine Specification, java.awt.printerjob=sun.lwawt.macosx.CPrinterJob, sun.os.patch.level=unknown, java.library.path=/Users/wangsiwei/Library/Java/Extensions:/Library/Java/Extensions:/Network/Library/Java/Extensions:/System/Library/Java/Extensions:/usr/lib/java:., java.vm.info=mixed mode, java.vendor=JetBrains s.r.o., java.vm.version=11.0.11+9-b1341.60, sun.io.unicode.encoding=UnicodeBig, java.class.version=55.0}}, SystemEnvironmentPropertySource@1961002599 {name='systemEnvironment', properties={PATH=/usr/local/bin:/usr/local/sbin:/Library/Frameworks/Python.framework/Versions/3.6/bin:/usr/local/bin:/usr/bin:/bin:/usr/sbin:/sbin:/usr/local/aria2/bin:/usr/local/share/dotnet:/opt/X11/bin:~/.dotnet/tools:/Library/Apple/usr/bin:/Library/Frameworks/Mono.framework/Versions/Current/Commands:/Applications/Wireshark.app/Contents/MacOS, JAVA_MAIN_CLASS_12298=org.codehaus.classworlds.Launcher, MANPATH=/usr/local/share/man::, HOMEBREW_PREFIX=/usr/local, COMMAND_MODE=unix2003, DISPLAY=/private/tmp/com.apple.launchd.Qz53IRT4zO/org.macosforge.xquartz:0, VERSIONER_PYTHON_VERSION=2.7, LOGNAME=wangsiwei, HOMEBREW_REPOSITORY=/usr/local/Homebrew, XPC_SERVICE_NAME=0, PWD=/Users/wangsiwei/Desktop/E-shopApplication/leyou/leyou-search, INFOPATH=/usr/local/share/info:, _=/Applications/IntelliJ IDEA.app/Contents/jbr/Contents/Home/bin/java, __CFBundleIdentifier=com.jetbrains.intellij, SHELL=/bin/zsh, JAVA_MAIN_CLASS_12302=org.apache.maven.surefire.booter.ForkedBooter, HOMEBREW_BOTTLE_DOMAIN=https://mirrors.ustc.edu.cn/homebrew-bottles, OLDPWD=/Users/wangsiwei/Desktop/E-shopApplication/leyou/leyou-search, HOMEBREW_CELLAR=/usr/local/Cellar, USER=wangsiwei, TMPDIR=/var/folders/sx/k7w_5wtj571c2c7z348t0yr80000gn/T/, SSH_AUTH_SOCK=/private/tmp/com.apple.launchd.bVoGR4qNiq/Listeners, XPC_FLAGS=0x0, __CF_USER_TEXT_ENCODING=0x1F5:0x19:0x34, LC_CTYPE=en_US.UTF-8, HOME=/Users/wangsiwei, SHLVL=1}}]
19:19:15.574 [main] DEBUG org.springframework.core.io.support.PathMatchingResourcePatternResolver - Resolved classpath location [com/leyou/elasticsearch/test/] to resources [URL [file:/Users/wangsiwei/Desktop/E-shopApplication/leyou/leyou-search/target/test-classes/com/leyou/elasticsearch/test/]]
19:19:15.574 [main] DEBUG org.springframework.core.io.support.PathMatchingResourcePatternResolver - Looking for matching resources in directory tree [/Users/wangsiwei/Desktop/E-shopApplication/leyou/leyou-search/target/test-classes/com/leyou/elasticsearch/test]
19:19:15.574 [main] DEBUG org.springframework.core.io.support.PathMatchingResourcePatternResolver - Searching directory [/Users/wangsiwei/Desktop/E-shopApplication/leyou/leyou-search/target/test-classes/com/leyou/elasticsearch/test] for files matching pattern [/Users/wangsiwei/Desktop/E-shopApplication/leyou/leyou-search/target/test-classes/com/leyou/elasticsearch/test/*.class]
19:19:15.577 [main] DEBUG org.springframework.core.io.support.PathMatchingResourcePatternResolver - Resolved location pattern [classpath*:com/leyou/elasticsearch/test/*.class] to resources [file [/Users/wangsiwei/Desktop/E-shopApplication/leyou/leyou-search/target/test-classes/com/leyou/elasticsearch/test/ElasticsearchTest.class]]
19:19:15.595 [main] DEBUG org.springframework.core.io.support.PathMatchingResourcePatternResolver - Resolved classpath location [com/leyou/elasticsearch/] to resources [URL [file:/Users/wangsiwei/Desktop/E-shopApplication/leyou/leyou-search/target/test-classes/com/leyou/elasticsearch/]]
19:19:15.595 [main] DEBUG org.springframework.core.io.support.PathMatchingResourcePatternResolver - Looking for matching resources in directory tree [/Users/wangsiwei/Desktop/E-shopApplication/leyou/leyou-search/target/test-classes/com/leyou/elasticsearch]
19:19:15.595 [main] DEBUG org.springframework.core.io.support.PathMatchingResourcePatternResolver - Searching directory [/Users/wangsiwei/Desktop/E-shopApplication/leyou/leyou-search/target/test-classes/com/leyou/elasticsearch] for files matching pattern [/Users/wangsiwei/Desktop/E-shopApplication/leyou/leyou-search/target/test-classes/com/leyou/elasticsearch/*.class]
19:19:15.595 [main] DEBUG org.springframework.core.io.support.PathMatchingResourcePatternResolver - Resolved location pattern [classpath*:com/leyou/elasticsearch/*.class] to resources []
19:19:15.596 [main] DEBUG org.springframework.core.io.support.PathMatchingResourcePatternResolver - Resolved classpath location [com/leyou/] to resources [URL [file:/Users/wangsiwei/Desktop/E-shopApplication/leyou/leyou-search/target/test-classes/com/leyou/], URL [file:/Users/wangsiwei/Desktop/E-shopApplication/leyou/leyou-search/target/classes/com/leyou/]]
19:19:15.596 [main] DEBUG org.springframework.core.io.support.PathMatchingResourcePatternResolver - Looking for matching resources in directory tree [/Users/wangsiwei/Desktop/E-shopApplication/leyou/leyou-search/target/test-classes/com/leyou]
19:19:15.596 [main] DEBUG org.springframework.core.io.support.PathMatchingResourcePatternResolver - Searching directory [/Users/wangsiwei/Desktop/E-shopApplication/leyou/leyou-search/target/test-classes/com/leyou] for files matching pattern [/Users/wangsiwei/Desktop/E-shopApplication/leyou/leyou-search/target/test-classes/com/leyou/*.class]
19:19:15.596 [main] DEBUG org.springframework.core.io.support.PathMatchingResourcePatternResolver - Looking for matching resources in directory tree [/Users/wangsiwei/Desktop/E-shopApplication/leyou/leyou-search/target/classes/com/leyou]
19:19:15.596 [main] DEBUG org.springframework.core.io.support.PathMatchingResourcePatternResolver - Searching directory [/Users/wangsiwei/Desktop/E-shopApplication/leyou/leyou-search/target/classes/com/leyou] for files matching pattern [/Users/wangsiwei/Desktop/E-shopApplication/leyou/leyou-search/target/classes/com/leyou/*.class]
19:19:15.597 [main] DEBUG org.springframework.core.io.support.PathMatchingResourcePatternResolver - Resolved location pattern [classpath*:com/leyou/*.class] to resources [file [/Users/wangsiwei/Desktop/E-shopApplication/leyou/leyou-search/target/classes/com/leyou/LeyouSearchService.class]]
19:19:15.619 [main] DEBUG org.springframework.context.annotation.ClassPathScanningCandidateComponentProvider - Identified candidate component class: file [/Users/wangsiwei/Desktop/E-shopApplication/leyou/leyou-search/target/classes/com/leyou/LeyouSearchService.class]
19:19:15.619 [main] INFO org.springframework.boot.test.context.SpringBootTestContextBootstrapper - Found @SpringBootConfiguration com.leyou.LeyouSearchService for test class com.leyou.elasticsearch.test.ElasticsearchTest
19:19:15.752 [main] DEBUG org.springframework.boot.test.context.SpringBootTestContextBootstrapper - @TestExecutionListeners is not present for class [com.leyou.elasticsearch.test.ElasticsearchTest]: using defaults.
19:19:15.753 [main] INFO org.springframework.boot.test.context.SpringBootTestContextBootstrapper - Loaded default TestExecutionListener class names from location [META-INF/spring.factories]: [org.springframework.boot.test.mock.mockito.MockitoTestExecutionListener, org.springframework.boot.test.mock.mockito.ResetMocksTestExecutionListener, org.springframework.boot.test.autoconfigure.restdocs.RestDocsTestExecutionListener, org.springframework.boot.test.autoconfigure.web.client.MockRestServiceServerResetTestExecutionListener, org.springframework.boot.test.autoconfigure.web.servlet.MockMvcPrintOnlyOnFailureTestExecutionListener, org.springframework.boot.test.autoconfigure.web.servlet.WebDriverTestExecutionListener, org.springframework.test.context.web.ServletTestExecutionListener, org.springframework.test.context.support.DirtiesContextBeforeModesTestExecutionListener, org.springframework.test.context.support.DependencyInjectionTestExecutionListener, org.springframework.test.context.support.DirtiesContextTestExecutionListener, org.springframework.test.context.transaction.TransactionalTestExecutionListener, org.springframework.test.context.jdbc.SqlScriptsTestExecutionListener]
19:19:15.771 [main] INFO org.springframework.boot.test.context.SpringBootTestContextBootstrapper - Using TestExecutionListeners: [org.springframework.test.context.web.ServletTestExecutionListener@503ecb24, org.springframework.test.context.support.DirtiesContextBeforeModesTestExecutionListener@4c51cf28, org.springframework.boot.test.mock.mockito.MockitoTestExecutionListener@6995bf68, org.springframework.boot.test.autoconfigure.SpringBootDependencyInjectionTestExecutionListener@5143c662, org.springframework.test.context.support.DirtiesContextTestExecutionListener@77825085, org.springframework.test.context.transaction.TransactionalTestExecutionListener@3568f9d2, org.springframework.test.context.jdbc.SqlScriptsTestExecutionListener@71c27ee8, org.springframework.boot.test.mock.mockito.ResetMocksTestExecutionListener@3e7dd664, org.springframework.boot.test.autoconfigure.restdocs.RestDocsTestExecutionListener@5b1ebf56, org.springframework.boot.test.autoconfigure.web.client.MockRestServiceServerResetTestExecutionListener@294a6b8e, org.springframework.boot.test.autoconfigure.web.servlet.MockMvcPrintOnlyOnFailureTestExecutionListener@4b1d6571, org.springframework.boot.test.autoconfigure.web.servlet.WebDriverTestExecutionListener@1b835480]
19:19:15.773 [main] DEBUG org.springframework.test.annotation.ProfileValueUtils - Retrieved @ProfileValueSourceConfiguration [null] for test class [com.leyou.elasticsearch.test.ElasticsearchTest]
19:19:15.774 [main] DEBUG org.springframework.test.annotation.ProfileValueUtils - Retrieved ProfileValueSource type [class org.springframework.test.annotation.SystemProfileValueSource] for class [com.leyou.elasticsearch.test.ElasticsearchTest]
19:19:15.775 [main] DEBUG org.springframework.test.annotation.ProfileValueUtils - Retrieved @ProfileValueSourceConfiguration [null] for test class [com.leyou.elasticsearch.test.ElasticsearchTest]
19:19:15.775 [main] DEBUG org.springframework.test.annotation.ProfileValueUtils - Retrieved ProfileValueSource type [class org.springframework.test.annotation.SystemProfileValueSource] for class [com.leyou.elasticsearch.test.ElasticsearchTest]
19:19:15.776 [main] DEBUG org.springframework.test.annotation.ProfileValueUtils - Retrieved @ProfileValueSourceConfiguration [null] for test class [com.leyou.elasticsearch.test.ElasticsearchTest]
19:19:15.776 [main] DEBUG org.springframework.test.annotation.ProfileValueUtils - Retrieved ProfileValueSource type [class org.springframework.test.annotation.SystemProfileValueSource] for class [com.leyou.elasticsearch.test.ElasticsearchTest]
19:19:15.780 [main] DEBUG org.springframework.test.context.support.AbstractDirtiesContextTestExecutionListener - Before test class: context [DefaultTestContext@77258e59 testClass = ElasticsearchTest, testInstance = [null], testMethod = [null], testException = [null], mergedContextConfiguration = [WebMergedContextConfiguration@5dcd8c7a testClass = ElasticsearchTest, locations = '{}', classes = '{class com.leyou.LeyouSearchService}', contextInitializerClasses = '[]', activeProfiles = '{}', propertySourceLocations = '{}', propertySourceProperties = '{org.springframework.boot.test.context.SpringBootTestContextBootstrapper=true}', contextCustomizers = set[org.springframework.boot.test.context.filter.ExcludeFilterContextCustomizer@4b8ee4de, org.springframework.boot.test.json.DuplicateJsonObjectContextCustomizerFactory$DuplicateJsonObjectContextCustomizer@1151e434, org.springframework.boot.test.mock.mockito.MockitoContextCustomizer@0, org.springframework.boot.test.web.client.TestRestTemplateContextCustomizer@3f6f6701, org.springframework.boot.test.autoconfigure.properties.PropertyMappingContextCustomizer@0, org.springframework.boot.test.autoconfigure.web.servlet.WebDriverContextCustomizerFactory$Customizer@41a0aa7d], resourceBasePath = 'src/main/webapp', contextLoader = 'org.springframework.boot.test.context.SpringBootContextLoader', parent = [null]], attributes = map['org.springframework.test.context.web.ServletTestExecutionListener.activateListener' -> true]], class annotated with @DirtiesContext [false] with mode [null].
19:19:15.780 [main] DEBUG org.springframework.test.annotation.ProfileValueUtils - Retrieved @ProfileValueSourceConfiguration [null] for test class [com.leyou.elasticsearch.test.ElasticsearchTest]
19:19:15.781 [main] DEBUG org.springframework.test.annotation.ProfileValueUtils - Retrieved ProfileValueSource type [class org.springframework.test.annotation.SystemProfileValueSource] for class [com.leyou.elasticsearch.test.ElasticsearchTest]
19:19:15.798 [main] DEBUG org.springframework.core.env.StandardEnvironment - Adding PropertySource 'systemProperties' with lowest search precedence
19:19:15.798 [main] DEBUG org.springframework.core.env.StandardEnvironment - Adding PropertySource 'systemEnvironment' with lowest search precedence
19:19:15.799 [main] DEBUG org.springframework.core.env.StandardEnvironment - Initialized StandardEnvironment with PropertySources [MapPropertySource@1971783162 {name='systemProperties', properties={gopherProxySet=false, awt.toolkit=sun.lwawt.macosx.LWCToolkit, java.specification.version=11, sun.cpu.isalist=, sun.jnu.encoding=UTF-8, java.class.path=/Users/wangsiwei/Desktop/E-shopApplication/leyou/leyou-search/target/test-classes:/Users/wangsiwei/Desktop/E-shopApplication/leyou/leyou-search/target/classes:/Users/wangsiwei/.m2/repository/org/springframework/boot/spring-boot-starter-web/2.0.7.RELEASE/spring-boot-starter-web-2.0.7.RELEASE.jar:/Users/wangsiwei/.m2/repository/org/springframework/boot/spring-boot-starter/2.0.7.RELEASE/spring-boot-starter-2.0.7.RELEASE.jar:/Users/wangsiwei/.m2/repository/org/springframework/boot/spring-boot/2.0.7.RELEASE/spring-boot-2.0.7.RELEASE.jar:/Users/wangsiwei/.m2/repository/org/springframework/boot/spring-boot-autoconfigure/2.0.7.RELEASE/spring-boot-autoconfigure-2.0.7.RELEASE.jar:/Users/wangsiwei/.m2/repository/org/springframework/boot/spring-boot-starter-logging/2.0.7.RELEASE/spring-boot-starter-logging-2.0.7.RELEASE.jar:/Users/wangsiwei/.m2/repository/ch/qos/logback/logback-classic/1.2.3/logback-classic-1.2.3.jar:/Users/wangsiwei/.m2/repository/ch/qos/logback/logback-core/1.2.3/logback-core-1.2.3.jar:/Users/wangsiwei/.m2/repository/org/apache/logging/log4j/log4j-to-slf4j/2.10.0/log4j-to-slf4j-2.10.0.jar:/Users/wangsiwei/.m2/repository/org/slf4j/jul-to-slf4j/1.7.25/jul-to-slf4j-1.7.25.jar:/Users/wangsiwei/.m2/repository/javax/annotation/javax.annotation-api/1.3.2/javax.annotation-api-1.3.2.jar:/Users/wangsiwei/.m2/repository/org/springframework/boot/spring-boot-starter-json/2.0.7.RELEASE/spring-boot-starter-json-2.0.7.RELEASE.jar:/Users/wangsiwei/.m2/repository/com/fasterxml/jackson/core/jackson-databind/2.9.7/jackson-databind-2.9.7.jar:/Users/wangsiwei/.m2/repository/com/fasterxml/jackson/datatype/jackson-datatype-jdk8/2.9.7/jackson-datatype-jdk8-2.9.7.jar:/Users/wangsiwei/.m2/repository/com/fasterxml/jackson/datatype/jackson-datatype-jsr310/2.9.7/jackson-datatype-jsr310-2.9.7.jar:/Users/wangsiwei/.m2/repository/com/fasterxml/jackson/module/jackson-module-parameter-names/2.9.7/jackson-module-parameter-names-2.9.7.jar:/Users/wangsiwei/.m2/repository/org/springframework/boot/spring-boot-starter-tomcat/2.0.7.RELEASE/spring-boot-starter-tomcat-2.0.7.RELEASE.jar:/Users/wangsiwei/.m2/repository/org/apache/tomcat/embed/tomcat-embed-core/8.5.35/tomcat-embed-core-8.5.35.jar:/Users/wangsiwei/.m2/repository/org/apache/tomcat/embed/tomcat-embed-el/8.5.35/tomcat-embed-el-8.5.35.jar:/Users/wangsiwei/.m2/repository/org/apache/tomcat/embed/tomcat-embed-websocket/8.5.35/tomcat-embed-websocket-8.5.35.jar:/Users/wangsiwei/.m2/repository/org/hibernate/validator/hibernate-validator/6.0.13.Final/hibernate-validator-6.0.13.Final.jar:/Users/wangsiwei/.m2/repository/javax/validation/validation-api/2.0.1.Final/validation-api-2.0.1.Final.jar:/Users/wangsiwei/.m2/repository/org/jboss/logging/jboss-logging/3.3.2.Final/jboss-logging-3.3.2.Final.jar:/Users/wangsiwei/.m2/repository/com/fasterxml/classmate/1.3.4/classmate-1.3.4.jar:/Users/wangsiwei/.m2/repository/org/springframework/spring-web/5.0.11.RELEASE/spring-web-5.0.11.RELEASE.jar:/Users/wangsiwei/.m2/repository/org/springframework/spring-beans/5.0.11.RELEASE/spring-beans-5.0.11.RELEASE.jar:/Users/wangsiwei/.m2/repository/org/springframework/spring-webmvc/5.0.11.RELEASE/spring-webmvc-5.0.11.RELEASE.jar:/Users/wangsiwei/.m2/repository/org/springframework/spring-aop/5.0.11.RELEASE/spring-aop-5.0.11.RELEASE.jar:/Users/wangsiwei/.m2/repository/org/springframework/spring-context/5.0.11.RELEASE/spring-context-5.0.11.RELEASE.jar:/Users/wangsiwei/.m2/repository/org/springframework/spring-expression/5.0.11.RELEASE/spring-expression-5.0.11.RELEASE.jar:/Users/wangsiwei/.m2/repository/org/springframework/boot/spring-boot-starter-data-elasticsearch/2.0.7.RELEASE/spring-boot-starter-data-elasticsearch-2.0.7.RELEASE.jar:/Users/wangsiwei/.m2/repository/org/springframework/data/spring-data-elasticsearch/3.0.12.RELEASE/spring-data-elasticsearch-3.0.12.RELEASE.jar:/Users/wangsiwei/.m2/repository/org/springframework/spring-tx/5.0.11.RELEASE/spring-tx-5.0.11.RELEASE.jar:/Users/wangsiwei/.m2/repository/org/springframework/data/spring-data-commons/2.0.12.RELEASE/spring-data-commons-2.0.12.RELEASE.jar:/Users/wangsiwei/.m2/repository/joda-time/joda-time/2.9.9/joda-time-2.9.9.jar:/Users/wangsiwei/.m2/repository/org/elasticsearch/client/transport/5.6.13/transport-5.6.13.jar:/Users/wangsiwei/.m2/repository/org/elasticsearch/elasticsearch/5.6.13/elasticsearch-5.6.13.jar:/Users/wangsiwei/.m2/repository/org/apache/lucene/lucene-core/6.6.1/lucene-core-6.6.1.jar:/Users/wangsiwei/.m2/repository/org/apache/lucene/lucene-analyzers-common/6.6.1/lucene-analyzers-common-6.6.1.jar:/Users/wangsiwei/.m2/repository/org/apache/lucene/lucene-backward-codecs/6.6.1/lucene-backward-codecs-6.6.1.jar:/Users/wangsiwei/.m2/repository/org/apache/lucene/lucene-grouping/6.6.1/lucene-grouping-6.6.1.jar:/Users/wangsiwei/.m2/repository/org/apache/lucene/lucene-highlighter/6.6.1/lucene-highlighter-6.6.1.jar:/Users/wangsiwei/.m2/repository/org/apache/lucene/lucene-join/6.6.1/lucene-join-6.6.1.jar:/Users/wangsiwei/.m2/repository/org/apache/lucene/lucene-memory/6.6.1/lucene-memory-6.6.1.jar:/Users/wangsiwei/.m2/repository/org/apache/lucene/lucene-misc/6.6.1/lucene-misc-6.6.1.jar:/Users/wangsiwei/.m2/repository/org/apache/lucene/lucene-queries/6.6.1/lucene-queries-6.6.1.jar:/Users/wangsiwei/.m2/repository/org/apache/lucene/lucene-queryparser/6.6.1/lucene-queryparser-6.6.1.jar:/Users/wangsiwei/.m2/repository/org/apache/lucene/lucene-sandbox/6.6.1/lucene-sandbox-6.6.1.jar:/Users/wangsiwei/.m2/repository/org/apache/lucene/lucene-spatial/6.6.1/lucene-spatial-6.6.1.jar:/Users/wangsiwei/.m2/repository/org/apache/lucene/lucene-spatial-extras/6.6.1/lucene-spatial-extras-6.6.1.jar:/Users/wangsiwei/.m2/repository/org/apache/lucene/lucene-spatial3d/6.6.1/lucene-spatial3d-6.6.1.jar:/Users/wangsiwei/.m2/repository/org/apache/lucene/lucene-suggest/6.6.1/lucene-suggest-6.6.1.jar:/Users/wangsiwei/.m2/repository/org/elasticsearch/securesm/1.2/securesm-1.2.jar:/Users/wangsiwei/.m2/repository/net/sf/jopt-simple/jopt-simple/5.0.2/jopt-simple-5.0.2.jar:/Users/wangsiwei/.m2/repository/com/carrotsearch/hppc/0.7.1/hppc-0.7.1.jar:/Users/wangsiwei/.m2/repository/com/fasterxml/jackson/dataformat/jackson-dataformat-smile/2.9.7/jackson-dataformat-smile-2.9.7.jar:/Users/wangsiwei/.m2/repository/com/fasterxml/jackson/dataformat/jackson-dataformat-yaml/2.9.7/jackson-dataformat-yaml-2.9.7.jar:/Users/wangsiwei/.m2/repository/com/fasterxml/jackson/dataformat/jackson-dataformat-cbor/2.9.7/jackson-dataformat-cbor-2.9.7.jar:/Users/wangsiwei/.m2/repository/com/tdunning/t-digest/3.0/t-digest-3.0.jar:/Users/wangsiwei/.m2/repository/org/elasticsearch/plugin/reindex-client/5.6.13/reindex-client-5.6.13.jar:/Users/wangsiwei/.m2/repository/org/elasticsearch/client/elasticsearch-rest-client/5.6.13/elasticsearch-rest-client-5.6.13.jar:/Users/wangsiwei/.m2/repository/org/apache/httpcomponents/httpasyncclient/4.1.4/httpasyncclient-4.1.4.jar:/Users/wangsiwei/.m2/repository/org/apache/httpcomponents/httpcore-nio/4.4.10/httpcore-nio-4.4.10.jar:/Users/wangsiwei/.m2/repository/org/elasticsearch/plugin/lang-mustache-client/5.6.13/lang-mustache-client-5.6.13.jar:/Users/wangsiwei/.m2/repository/com/github/spullara/mustache/java/compiler/0.9.3/compiler-0.9.3.jar:/Users/wangsiwei/.m2/repository/org/elasticsearch/plugin/percolator-client/5.6.13/percolator-client-5.6.13.jar:/Users/wangsiwei/.m2/repository/org/elasticsearch/plugin/parent-join-client/5.6.13/parent-join-client-5.6.13.jar:/Users/wangsiwei/.m2/repository/org/elasticsearch/plugin/transport-netty4-client/5.6.13/transport-netty4-client-5.6.13.jar:/Users/wangsiwei/.m2/repository/io/netty/netty-buffer/4.1.31.Final/netty-buffer-4.1.31.Final.jar:/Users/wangsiwei/.m2/repository/io/netty/netty-codec/4.1.31.Final/netty-codec-4.1.31.Final.jar:/Users/wangsiwei/.m2/repository/io/netty/netty-codec-http/4.1.31.Final/netty-codec-http-4.1.31.Final.jar:/Users/wangsiwei/.m2/repository/io/netty/netty-common/4.1.31.Final/netty-common-4.1.31.Final.jar:/Users/wangsiwei/.m2/repository/io/netty/netty-handler/4.1.31.Final/netty-handler-4.1.31.Final.jar:/Users/wangsiwei/.m2/repository/io/netty/netty-resolver/4.1.31.Final/netty-resolver-4.1.31.Final.jar:/Users/wangsiwei/.m2/repository/io/netty/netty-transport/4.1.31.Final/netty-transport-4.1.31.Final.jar:/Users/wangsiwei/.m2/repository/org/locationtech/spatial4j/spatial4j/0.6/spatial4j-0.6.jar:/Users/wangsiwei/.m2/repository/com/vividsolutions/jts/1.13/jts-1.13.jar:/Users/wangsiwei/.m2/repository/org/apache/logging/log4j/log4j-api/2.10.0/log4j-api-2.10.0.jar:/Users/wangsiwei/.m2/repository/org/elasticsearch/jna/4.4.0-1/jna-4.4.0-1.jar:/Users/wangsiwei/.m2/repository/com/fasterxml/jackson/core/jackson-core/2.9.7/jackson-core-2.9.7.jar:/Users/wangsiwei/.m2/repository/org/slf4j/slf4j-api/1.7.25/slf4j-api-1.7.25.jar:/Users/wangsiwei/.m2/repository/org/springframework/cloud/spring-cloud-starter-netflix-eureka-client/2.0.2.RELEASE/spring-cloud-starter-netflix-eureka-client-2.0.2.RELEASE.jar:/Users/wangsiwei/.m2/repository/org/springframework/cloud/spring-cloud-starter/2.0.2.RELEASE/spring-cloud-starter-2.0.2.RELEASE.jar:/Users/wangsiwei/.m2/repository/org/springframework/cloud/spring-cloud-context/2.0.2.RELEASE/spring-cloud-context-2.0.2.RELEASE.jar:/Users/wangsiwei/.m2/repository/org/springframework/security/spring-security-rsa/1.0.7.RELEASE/spring-security-rsa-1.0.7.RELEASE.jar:/Users/wangsiwei/.m2/repository/org/bouncycastle/bcpkix-jdk15on/1.60/bcpkix-jdk15on-1.60.jar:/Users/wangsiwei/.m2/repository/org/bouncycastle/bcprov-jdk15on/1.60/bcprov-jdk15on-1.60.jar:/Users/wangsiwei/.m2/repository/org/springframework/cloud/spring-cloud-netflix-core/2.0.2.RELEASE/spring-cloud-netflix-core-2.0.2.RELEASE.jar:/Users/wangsiwei/.m2/repository/org/springframework/boot/spring-boot-starter-aop/2.0.7.RELEASE/spring-boot-starter-aop-2.0.7.RELEASE.jar:/Users/wangsiwei/.m2/repository/org/aspectj/aspectjweaver/1.8.13/aspectjweaver-1.8.13.jar:/Users/wangsiwei/.m2/repository/org/springframework/cloud/spring-cloud-netflix-eureka-client/2.0.2.RELEASE/spring-cloud-netflix-eureka-client-2.0.2.RELEASE.jar:/Users/wangsiwei/.m2/repository/com/netflix/eureka/eureka-client/1.9.3/eureka-client-1.9.3.jar:/Users/wangsiwei/.m2/repository/org/codehaus/jettison/jettison/1.3.7/jettison-1.3.7.jar:/Users/wangsiwei/.m2/repository/stax/stax-api/1.0.1/stax-api-1.0.1.jar:/Users/wangsiwei/.m2/repository/com/netflix/netflix-commons/netflix-eventbus/0.3.0/netflix-eventbus-0.3.0.jar:/Users/wangsiwei/.m2/repository/com/netflix/netflix-commons/netflix-infix/0.3.0/netflix-infix-0.3.0.jar:/Users/wangsiwei/.m2/repository/commons-jxpath/commons-jxpath/1.3/commons-jxpath-1.3.jar:/Users/wangsiwei/.m2/repository/org/antlr/antlr-runtime/3.4/antlr-runtime-3.4.jar:/Users/wangsiwei/.m2/repository/org/antlr/stringtemplate/3.2.1/stringtemplate-3.2.1.jar:/Users/wangsiwei/.m2/repository/antlr/antlr/2.7.7/antlr-2.7.7.jar:/Users/wangsiwei/.m2/repository/com/google/code/gson/gson/2.8.5/gson-2.8.5.jar:/Users/wangsiwei/.m2/repository/org/apache/commons/commons-math/2.2/commons-math-2.2.jar:/Users/wangsiwei/.m2/repository/com/netflix/archaius/archaius-core/0.7.6/archaius-core-0.7.6.jar:/Users/wangsiwei/.m2/repository/com/google/guava/guava/16.0/guava-16.0.jar:/Users/wangsiwei/.m2/repository/javax/ws/rs/jsr311-api/1.1.1/jsr311-api-1.1.1.jar:/Users/wangsiwei/.m2/repository/com/netflix/servo/servo-core/0.12.21/servo-core-0.12.21.jar:/Users/wangsiwei/.m2/repository/com/sun/jersey/jersey-core/1.19.1/jersey-core-1.19.1.jar:/Users/wangsiwei/.m2/repository/com/sun/jersey/jersey-client/1.19.1/jersey-client-1.19.1.jar:/Users/wangsiwei/.m2/repository/com/sun/jersey/contribs/jersey-apache-client4/1.19.1/jersey-apache-client4-1.19.1.jar:/Users/wangsiwei/.m2/repository/org/apache/httpcomponents/httpclient/4.5.6/httpclient-4.5.6.jar:/Users/wangsiwei/.m2/repository/org/apache/httpcomponents/httpcore/4.4.10/httpcore-4.4.10.jar:/Users/wangsiwei/.m2/repository/commons-codec/commons-codec/1.11/commons-codec-1.11.jar:/Users/wangsiwei/.m2/repository/com/google/inject/guice/4.1.0/guice-4.1.0.jar:/Users/wangsiwei/.m2/repository/javax/inject/javax.inject/1/javax.inject-1.jar:/Users/wangsiwei/.m2/repository/aopalliance/aopalliance/1.0/aopalliance-1.0.jar:/Users/wangsiwei/.m2/repository/com/github/vlsi/compactmap/compactmap/1.2.1/compactmap-1.2.1.jar:/Users/wangsiwei/.m2/repository/com/github/andrewoma/dexx/dexx-collections/0.2/dexx-collections-0.2.jar:/Users/wangsiwei/.m2/repository/com/fasterxml/jackson/core/jackson-annotations/2.9.0/jackson-annotations-2.9.0.jar:/Users/wangsiwei/.m2/repository/com/netflix/eureka/eureka-core/1.9.3/eureka-core-1.9.3.jar:/Users/wangsiwei/.m2/repository/org/codehaus/woodstox/woodstox-core-asl/4.4.1/woodstox-core-asl-4.4.1.jar:/Users/wangsiwei/.m2/repository/javax/xml/stream/stax-api/1.0-2/stax-api-1.0-2.jar:/Users/wangsiwei/.m2/repository/org/codehaus/woodstox/stax2-api/3.1.4/stax2-api-3.1.4.jar:/Users/wangsiwei/.m2/repository/org/springframework/cloud/spring-cloud-starter-netflix-archaius/2.0.2.RELEASE/spring-cloud-starter-netflix-archaius-2.0.2.RELEASE.jar:/Users/wangsiwei/.m2/repository/org/springframework/cloud/spring-cloud-netflix-ribbon/2.0.2.RELEASE/spring-cloud-netflix-ribbon-2.0.2.RELEASE.jar:/Users/wangsiwei/.m2/repository/org/springframework/cloud/spring-cloud-netflix-archaius/2.0.2.RELEASE/spring-cloud-netflix-archaius-2.0.2.RELEASE.jar:/Users/wangsiwei/.m2/repository/commons-configuration/commons-configuration/1.8/commons-configuration-1.8.jar:/Users/wangsiwei/.m2/repository/commons-lang/commons-lang/2.6/commons-lang-2.6.jar:/Users/wangsiwei/.m2/repository/org/springframework/cloud/spring-cloud-starter-netflix-ribbon/2.0.2.RELEASE/spring-cloud-starter-netflix-ribbon-2.0.2.RELEASE.jar:/Users/wangsiwei/.m2/repository/com/netflix/ribbon/ribbon/2.2.5/ribbon-2.2.5.jar:/Users/wangsiwei/.m2/repository/com/netflix/ribbon/ribbon-transport/2.2.5/ribbon-transport-2.2.5.jar:/Users/wangsiwei/.m2/repository/io/reactivex/rxnetty-contexts/0.4.9/rxnetty-contexts-0.4.9.jar:/Users/wangsiwei/.m2/repository/io/reactivex/rxnetty-servo/0.4.9/rxnetty-servo-0.4.9.jar:/Users/wangsiwei/.m2/repository/io/reactivex/rxnetty/0.4.9/rxnetty-0.4.9.jar:/Users/wangsiwei/.m2/repository/com/netflix/ribbon/ribbon-core/2.2.5/ribbon-core-2.2.5.jar:/Users/wangsiwei/.m2/repository/com/netflix/ribbon/ribbon-httpclient/2.2.5/ribbon-httpclient-2.2.5.jar:/Users/wangsiwei/.m2/repository/commons-collections/commons-collections/3.2.2/commons-collections-3.2.2.jar:/Users/wangsiwei/.m2/repository/com/netflix/netflix-commons/netflix-commons-util/0.3.0/netflix-commons-util-0.3.0.jar:/Users/wangsiwei/.m2/repository/com/netflix/ribbon/ribbon-loadbalancer/2.2.5/ribbon-loadbalancer-2.2.5.jar:/Users/wangsiwei/.m2/repository/com/netflix/netflix-commons/netflix-statistics/0.1.1/netflix-statistics-0.1.1.jar:/Users/wangsiwei/.m2/repository/io/reactivex/rxjava/1.3.8/rxjava-1.3.8.jar:/Users/wangsiwei/.m2/repository/com/netflix/ribbon/ribbon-eureka/2.2.5/ribbon-eureka-2.2.5.jar:/Users/wangsiwei/.m2/repository/com/thoughtworks/xstream/xstream/1.4.10/xstream-1.4.10.jar:/Users/wangsiwei/.m2/repository/xmlpull/xmlpull/1.1.3.1/xmlpull-1.1.3.1.jar:/Users/wangsiwei/.m2/repository/xpp3/xpp3_min/1.1.4c/xpp3_min-1.1.4c.jar:/Users/wangsiwei/.m2/repository/org/springframework/cloud/spring-cloud-starter-openfeign/2.0.2.RELEASE/spring-cloud-starter-openfeign-2.0.2.RELEASE.jar:/Users/wangsiwei/.m2/repository/org/springframework/cloud/spring-cloud-openfeign-core/2.0.2.RELEASE/spring-cloud-openfeign-core-2.0.2.RELEASE.jar:/Users/wangsiwei/.m2/repository/io/github/openfeign/form/feign-form-spring/3.3.0/feign-form-spring-3.3.0.jar:/Users/wangsiwei/.m2/repository/io/github/openfeign/form/feign-form/3.3.0/feign-form-3.3.0.jar:/Users/wangsiwei/.m2/repository/com/google/code/findbugs/annotations/3.0.1/annotations-3.0.1.jar:/Users/wangsiwei/.m2/repository/net/jcip/jcip-annotations/1.0/jcip-annotations-1.0.jar:/Users/wangsiwei/.m2/repository/com/google/code/findbugs/jsr305/3.0.1/jsr305-3.0.1.jar:/Users/wangsiwei/.m2/repository/commons-fileupload/commons-fileupload/1.3.3/commons-fileupload-1.3.3.jar:/Users/wangsiwei/.m2/repository/commons-io/commons-io/2.2/commons-io-2.2.jar:/Users/wangsiwei/.m2/repository/org/springframework/cloud/spring-cloud-commons/2.0.2.RELEASE/spring-cloud-commons-2.0.2.RELEASE.jar:/Users/wangsiwei/.m2/repository/org/springframework/security/spring-security-crypto/5.0.10.RELEASE/spring-security-crypto-5.0.10.RELEASE.jar:/Users/wangsiwei/.m2/repository/io/github/openfeign/feign-core/9.7.0/feign-core-9.7.0.jar:/Users/wangsiwei/.m2/repository/io/github/openfeign/feign-slf4j/9.7.0/feign-slf4j-9.7.0.jar:/Users/wangsiwei/.m2/repository/io/github/openfeign/feign-hystrix/9.7.0/feign-hystrix-9.7.0.jar:/Users/wangsiwei/.m2/repository/com/netflix/hystrix/hystrix-core/1.5.12/hystrix-core-1.5.12.jar:/Users/wangsiwei/.m2/repository/org/hdrhistogram/HdrHistogram/2.1.9/HdrHistogram-2.1.9.jar:/Users/wangsiwei/.m2/repository/io/github/openfeign/feign-java8/9.7.0/feign-java8-9.7.0.jar:/Users/wangsiwei/.m2/repository/com/leyou/item/leyou-item-interface/1.0.0-SNAPSHOT/leyou-item-interface-1.0.0-SNAPSHOT.jar:/Users/wangsiwei/.m2/repository/com/sun/xml/bind/jaxb-core/2.3.0/jaxb-core-2.3.0.jar:/Users/wangsiwei/.m2/repository/javax/persistence/persistence-api/1.0/persistence-api-1.0.jar:/Users/wangsiwei/.m2/repository/org/yaml/snakeyaml/1.19/snakeyaml-1.19.jar:/Users/wangsiwei/.m2/repository/com/leyou/common/leyou-common/1.0.0-SNAPSHOT/leyou-common-1.0.0-SNAPSHOT.jar:/Users/wangsiwei/.m2/repository/org/springframework/boot/spring-boot-starter-test/2.0.7.RELEASE/spring-boot-starter-test-2.0.7.RELEASE.jar:/Users/wangsiwei/.m2/repository/org/springframework/boot/spring-boot-test/2.0.7.RELEASE/spring-boot-test-2.0.7.RELEASE.jar:/Users/wangsiwei/.m2/repository/org/springframework/boot/spring-boot-test-autoconfigure/2.0.7.RELEASE/spring-boot-test-autoconfigure-2.0.7.RELEASE.jar:/Users/wangsiwei/.m2/repository/com/jayway/jsonpath/json-path/2.4.0/json-path-2.4.0.jar:/Users/wangsiwei/.m2/repository/net/minidev/json-smart/2.3/json-smart-2.3.jar:/Users/wangsiwei/.m2/repository/net/minidev/accessors-smart/1.2/accessors-smart-1.2.jar:/Users/wangsiwei/.m2/repository/org/ow2/asm/asm/5.0.4/asm-5.0.4.jar:/Users/wangsiwei/.m2/repository/junit/junit/4.12/junit-4.12.jar:/Users/wangsiwei/.m2/repository/org/assertj/assertj-core/3.9.1/assertj-core-3.9.1.jar:/Users/wangsiwei/.m2/repository/org/mockito/mockito-core/2.15.0/mockito-core-2.15.0.jar:/Users/wangsiwei/.m2/repository/net/bytebuddy/byte-buddy/1.7.11/byte-buddy-1.7.11.jar:/Users/wangsiwei/.m2/repository/net/bytebuddy/byte-buddy-agent/1.7.11/byte-buddy-agent-1.7.11.jar:/Users/wangsiwei/.m2/repository/org/objenesis/objenesis/2.6/objenesis-2.6.jar:/Users/wangsiwei/.m2/repository/org/hamcrest/hamcrest-core/1.3/hamcrest-core-1.3.jar:/Users/wangsiwei/.m2/repository/org/hamcrest/hamcrest-library/1.3/hamcrest-library-1.3.jar:/Users/wangsiwei/.m2/repository/org/skyscreamer/jsonassert/1.5.0/jsonassert-1.5.0.jar:/Users/wangsiwei/.m2/repository/com/vaadin/external/google/android-json/0.0.20131108.vaadin1/android-json-0.0.20131108.vaadin1.jar:/Users/wangsiwei/.m2/repository/org/springframework/spring-core/5.0.11.RELEASE/spring-core-5.0.11.RELEASE.jar:/Users/wangsiwei/.m2/repository/org/springframework/spring-jcl/5.0.11.RELEASE/spring-jcl-5.0.11.RELEASE.jar:/Users/wangsiwei/.m2/repository/org/springframework/spring-test/5.0.11.RELEASE/spring-test-5.0.11.RELEASE.jar:/Users/wangsiwei/.m2/repository/org/xmlunit/xmlunit-core/2.5.1/xmlunit-core-2.5.1.jar:/Users/wangsiwei/.m2/repository/org/projectlombok/lombok/1.16.22/lombok-1.16.22.jar:, java.vm.vendor=JetBrains s.r.o., sun.arch.data.model=64, java.vendor.url=https://openjdk.java.net/, user.timezone=Europe/Amsterdam, os.name=Mac OS X, java.vm.specification.version=11, sun.java.launcher=SUN_STANDARD, user.country=GB, sun.boot.library.path=/Applications/IntelliJ IDEA.app/Contents/jbr/Contents/Home/lib, sun.java.command=/Users/wangsiwei/Desktop/E-shopApplication/leyou/leyou-search/target/surefire/surefirebooter14373555148847735643.jar /Users/wangsiwei/Desktop/E-shopApplication/leyou/leyou-search/target/surefire 2021-07-29T19-19-14_805-jvmRun1 surefire18030773557172240312tmp surefire_016381686978920746787tmp, jdk.debug=release, surefire.test.class.path=/Users/wangsiwei/Desktop/E-shopApplication/leyou/leyou-search/target/test-classes:/Users/wangsiwei/Desktop/E-shopApplication/leyou/leyou-search/target/classes:/Users/wangsiwei/.m2/repository/org/springframework/boot/spring-boot-starter-web/2.0.7.RELEASE/spring-boot-starter-web-2.0.7.RELEASE.jar:/Users/wangsiwei/.m2/repository/org/springframework/boot/spring-boot-starter/2.0.7.RELEASE/spring-boot-starter-2.0.7.RELEASE.jar:/Users/wangsiwei/.m2/repository/org/springframework/boot/spring-boot/2.0.7.RELEASE/spring-boot-2.0.7.RELEASE.jar:/Users/wangsiwei/.m2/repository/org/springframework/boot/spring-boot-autoconfigure/2.0.7.RELEASE/spring-boot-autoconfigure-2.0.7.RELEASE.jar:/Users/wangsiwei/.m2/repository/org/springframework/boot/spring-boot-starter-logging/2.0.7.RELEASE/spring-boot-starter-logging-2.0.7.RELEASE.jar:/Users/wangsiwei/.m2/repository/ch/qos/logback/logback-classic/1.2.3/logback-classic-1.2.3.jar:/Users/wangsiwei/.m2/repository/ch/qos/logback/logback-core/1.2.3/logback-core-1.2.3.jar:/Users/wangsiwei/.m2/repository/org/apache/logging/log4j/log4j-to-slf4j/2.10.0/log4j-to-slf4j-2.10.0.jar:/Users/wangsiwei/.m2/repository/org/slf4j/j
[...]
2021-07-29 19:19:17.202  WARN 12302 --- [           main] o.s.b.f.s.DefaultListableBeanFactory     : Bean creation exception on non-lazy FactoryBean type check: org.springframework.beans.factory.BeanCreationException: Error creating bean with name 'com.leyou.search.client.CategoryClient': Initialization of bean failed; nested exception is org.springframework.beans.TypeMismatchException: Failed to convert property value of type 'java.lang.String' to required type 'java.lang.Class' for property 'type'; nested exception is java.lang.IllegalArgumentException: Unresolvable class definition for class [com.leyou.search.client.CategoryClient]
2021-07-29 19:19:17.202  WARN 12302 --- [           main] o.s.b.f.s.DefaultListableBeanFactory     : Bean creation exception on non-lazy FactoryBean type check: org.springframework.beans.factory.BeanCreationException: Error creating bean with name 'com.leyou.search.client.GoodsClient': Initialization of bean failed; nested exception is org.springframework.beans.TypeMismatchException: Failed to convert property value of type 'java.lang.String' to required type 'java.lang.Class' for property 'type'; nested exception is java.lang.IllegalArgumentException: Unresolvable class definition for class [com.leyou.search.client.GoodsClient]
2021-07-29 19:19:17.203  WARN 12302 --- [           main] o.s.b.f.s.DefaultListableBeanFactory     : Bean creation exception on non-lazy FactoryBean type check: org.springframework.beans.factory.BeanCreationException: Error creating bean with name 'com.leyou.search.client.SpecificationClient': Initialization of bean failed; nested exception is org.springframework.beans.TypeMismatchException: Failed to convert property value of type 'java.lang.String' to required type 'java.lang.Class' for property 'type'; nested exception is java.lang.IllegalArgumentException: Unresolvable class definition for class [com.leyou.search.client.SpecificationClient]
2021-07-29 19:19:17.207 ERROR 12302 --- [           main] o.s.boot.SpringApplication               : Application run failed

java.lang.IllegalStateException: Failed to introspect Class [com.leyou.search.search.SearchService] from ClassLoader [jdk.internal.loader.ClassLoaders$AppClassLoader@277050dc]
	at org.springframework.util.ReflectionUtils.getDeclaredFields(ReflectionUtils.java:785) ~[spring-core-5.0.11.RELEASE.jar:5.0.11.RELEASE]
	at org.springframework.util.ReflectionUtils.doWithFields(ReflectionUtils.java:750) ~[spring-core-5.0.11.RELEASE.jar:5.0.11.RELEASE]
	at org.springframework.util.ReflectionUtils.doWithFields(ReflectionUtils.java:735) ~[spring-core-5.0.11.RELEASE.jar:5.0.11.RELEASE]
	at org.springframework.boot.test.mock.mockito.DefinitionsParser.parse(DefinitionsParser.java:62) ~[spring-boot-test-2.0.7.RELEASE.jar:2.0.7.RELEASE]
	at org.springframework.boot.test.mock.mockito.MockitoPostProcessor.postProcessBeanFactory(MockitoPostProcessor.java:139) ~[spring-boot-test-2.0.7.RELEASE.jar:2.0.7.RELEASE]
	at org.springframework.boot.test.mock.mockito.MockitoPostProcessor.postProcessBeanFactory(MockitoPostProcessor.java:131) ~[spring-boot-test-2.0.7.RELEASE.jar:2.0.7.RELEASE]
	at org.springframework.context.support.PostProcessorRegistrationDelegate.invokeBeanFactoryPostProcessors(PostProcessorRegistrationDelegate.java:282) ~[spring-context-5.0.11.RELEASE.jar:5.0.11.RELEASE]
	at org.springframework.context.support.PostProcessorRegistrationDelegate.invokeBeanFactoryPostProcessors(PostProcessorRegistrationDelegate.java:170) ~[spring-context-5.0.11.RELEASE.jar:5.0.11.RELEASE]
	at org.springframework.context.support.AbstractApplicationContext.invokeBeanFactoryPostProcessors(AbstractApplicationContext.java:692) ~[spring-context-5.0.11.RELEASE.jar:5.0.11.RELEASE]
	at org.springframework.context.support.AbstractApplicationContext.refresh(AbstractApplicationContext.java:530) ~[spring-context-5.0.11.RELEASE.jar:5.0.11.RELEASE]
	at org.springframework.boot.SpringApplication.refresh(SpringApplication.java:754) ~[spring-boot-2.0.7.RELEASE.jar:2.0.7.RELEASE]
	at org.springframework.boot.SpringApplication.refreshContext(SpringApplication.java:386) ~[spring-boot-2.0.7.RELEASE.jar:2.0.7.RELEASE]
	at org.springframework.boot.SpringApplication.run(SpringApplication.java:307) ~[spring-boot-2.0.7.RELEASE.jar:2.0.7.RELEASE]
	at org.springframework.boot.test.context.SpringBootContextLoader.loadContext(SpringBootContextLoader.java:127) ~[spring-boot-test-2.0.7.RELEASE.jar:2.0.7.RELEASE]
	at org.springframework.test.context.cache.DefaultCacheAwareContextLoaderDelegate.loadContextInternal(DefaultCacheAwareContextLoaderDelegate.java:99) ~[spring-test-5.0.11.RELEASE.jar:5.0.11.RELEASE]
	at org.springframework.test.context.cache.DefaultCacheAwareContextLoaderDelegate.loadContext(DefaultCacheAwareContextLoaderDelegate.java:117) ~[spring-test-5.0.11.RELEASE.jar:5.0.11.RELEASE]
	at org.springframework.test.context.support.DefaultTestContext.getApplicationContext(DefaultTestContext.java:108) ~[spring-test-5.0.11.RELEASE.jar:5.0.11.RELEASE]
	at org.springframework.test.context.web.ServletTestExecutionListener.setUpRequestContextIfNecessary(ServletTestExecutionListener.java:190) ~[spring-test-5.0.11.RELEASE.jar:5.0.11.RELEASE]
	at org.springframework.test.context.web.ServletTestExecutionListener.prepareTestInstance(ServletTestExecutionListener.java:132) ~[spring-test-5.0.11.RELEASE.jar:5.0.11.RELEASE]
	at org.springframework.test.context.TestContextManager.prepareTestInstance(TestContextManager.java:246) ~[spring-test-5.0.11.RELEASE.jar:5.0.11.RELEASE]
	at org.springframework.test.context.junit4.SpringJUnit4ClassRunner.createTest(SpringJUnit4ClassRunner.java:227) ~[spring-test-5.0.11.RELEASE.jar:5.0.11.RELEASE]
	at org.springframework.test.context.junit4.SpringJUnit4ClassRunner$1.runReflectiveCall(SpringJUnit4ClassRunner.java:289) ~[spring-test-5.0.11.RELEASE.jar:5.0.11.RELEASE]
	at org.junit.internal.runners.model.ReflectiveCallable.run(ReflectiveCallable.java:12) ~[junit-4.12.jar:4.12]
	at org.springframework.test.context.junit4.SpringJUnit4ClassRunner.methodBlock(SpringJUnit4ClassRunner.java:291) ~[spring-test-5.0.11.RELEASE.jar:5.0.11.RELEASE]
	at org.springframework.test.context.junit4.SpringJUnit4ClassRunner.runChild(SpringJUnit4ClassRunner.java:246) ~[spring-test-5.0.11.RELEASE.jar:5.0.11.RELEASE]
	at org.springframework.test.context.junit4.SpringJUnit4ClassRunner.runChild(SpringJUnit4ClassRunner.java:97) ~[spring-test-5.0.11.RELEASE.jar:5.0.11.RELEASE]
	at org.junit.runners.ParentRunner$3.run(ParentRunner.java:290) ~[junit-4.12.jar:4.12]
	at org.junit.runners.ParentRunner$1.schedule(ParentRunner.java:71) ~[junit-4.12.jar:4.12]
	at org.junit.runners.ParentRunner.runChildren(ParentRunner.java:288) ~[junit-4.12.jar:4.12]
	at org.junit.runners.ParentRunner.access$000(ParentRunner.java:58) ~[junit-4.12.jar:4.12]
	at org.junit.runners.ParentRunner$2.evaluate(ParentRunner.java:268) ~[junit-4.12.jar:4.12]
	at org.springframework.test.context.junit4.statements.RunBeforeTestClassCallbacks.evaluate(RunBeforeTestClassCallbacks.java:61) ~[spring-test-5.0.11.RELEASE.jar:5.0.11.RELEASE]
	at org.springframework.test.context.junit4.statements.RunAfterTestClassCallbacks.evaluate(RunAfterTestClassCallbacks.java:70) ~[spring-test-5.0.11.RELEASE.jar:5.0.11.RELEASE]
	at org.junit.runners.ParentRunner.run(ParentRunner.java:363) ~[junit-4.12.jar:4.12]
	at org.springframework.test.context.junit4.SpringJUnit4ClassRunner.run(SpringJUnit4ClassRunner.java:190) ~[spring-test-5.0.11.RELEASE.jar:5.0.11.RELEASE]
	at org.apache.maven.surefire.junit4.JUnit4Provider.execute(JUnit4Provider.java:365) ~[surefire-junit4-2.21.0.jar:2.21.0]
	at org.apache.maven.surefire.junit4.JUnit4Provider.executeWithRerun(JUnit4Provider.java:273) ~[surefire-junit4-2.21.0.jar:2.21.0]
	at org.apache.maven.surefire.junit4.JUnit4Provider.executeTestSet(JUnit4Provider.java:238) ~[surefire-junit4-2.21.0.jar:2.21.0]
	at org.apache.maven.surefire.junit4.JUnit4Provider.invoke(JUnit4Provider.java:159) ~[surefire-junit4-2.21.0.jar:2.21.0]
	at org.apache.maven.surefire.booter.ForkedBooter.invokeProviderInSameClassLoader(ForkedBooter.java:379) ~[surefire-booter-2.21.0.jar:2.21.0]
	at org.apache.maven.surefire.booter.ForkedBooter.runSuitesInProcess(ForkedBooter.java:340) ~[surefire-booter-2.21.0.jar:2.21.0]
	at org.apache.maven.surefire.booter.ForkedBooter.execute(ForkedBooter.java:125) ~[surefire-booter-2.21.0.jar:2.21.0]
	at org.apache.maven.surefire.booter.ForkedBooter.main(ForkedBooter.java:413) ~[surefire-booter-2.21.0.jar:2.21.0]
Caused by: java.lang.NoClassDefFoundError: com/leyou/item/api/CategoryApi
	at java.base/java.lang.ClassLoader.defineClass1(Native Method) ~[na:na]
	at java.base/java.lang.ClassLoader.defineClass(ClassLoader.java:1017) ~[na:na]
	at java.base/java.security.SecureClassLoader.defineClass(SecureClassLoader.java:174) ~[na:na]
	at java.base/jdk.internal.loader.BuiltinClassLoader.defineClass(BuiltinClassLoader.java:800) ~[na:na]
	at java.base/jdk.internal.loader.BuiltinClassLoader.findClassOnClassPathOrNull(BuiltinClassLoader.java:698) ~[na:na]
	at java.base/jdk.internal.loader.BuiltinClassLoader.loadClassOrNull(BuiltinClassLoader.java:621) ~[na:na]
	at java.base/jdk.internal.loader.BuiltinClassLoader.loadClass(BuiltinClassLoader.java:579) ~[na:na]
	at java.base/jdk.internal.loader.ClassLoaders$AppClassLoader.loadClass(ClassLoaders.java:178) ~[na:na]
	at java.base/java.lang.ClassLoader.loadClass(ClassLoader.java:522) ~[na:na]
	at java.base/java.lang.Class.getDeclaredFields0(Native Method) ~[na:na]
	at java.base/java.lang.Class.privateGetDeclaredFields(Class.java:3061) ~[na:na]
	at java.base/java.lang.Class.getDeclaredFields(Class.java:2248) ~[na:na]
	at org.springframework.util.ReflectionUtils.getDeclaredFields(ReflectionUtils.java:780) ~[spring-core-5.0.11.RELEASE.jar:5.0.11.RELEASE]
	... 42 common frames omitted
Caused by: java.lang.ClassNotFoundException: com.leyou.item.api.CategoryApi
	at java.base/jdk.internal.loader.BuiltinClassLoader.loadClass(BuiltinClassLoader.java:581) ~[na:na]
	at java.base/jdk.internal.loader.ClassLoaders$AppClassLoader.loadClass(ClassLoaders.java:178) ~[na:na]
	at java.base/java.lang.ClassLoader.loadClass(ClassLoader.java:522) ~[na:na]
	... 55 common frames omitted

2021-07-29 19:19:17.208  INFO 12302 --- [           main] o.s.w.c.s.GenericWebApplicationContext   : Closing org.springframework.web.context.support.GenericWebApplicationContext@4074023c: startup date [Thu Jul 29 19:19:16 CEST 2021]; parent: org.springframework.context.annotation.AnnotationConfigApplicationContext@f9879ac
2021-07-29 19:19:17.209 ERROR 12302 --- [           main] o.s.test.context.TestContextManager      : Caught exception while allowing TestExecutionListener [org.springframework.test.context.web.ServletTestExecutionListener@503ecb24] to prepare test instance [com.leyou.elasticsearch.test.ElasticsearchTest@28757abd]

java.lang.IllegalStateException: Failed to load ApplicationContext
	at org.springframework.test.context.cache.DefaultCacheAwareContextLoaderDelegate.loadContext(DefaultCacheAwareContextLoaderDelegate.java:125) ~[spring-test-5.0.11.RELEASE.jar:5.0.11.RELEASE]
	at org.springframework.test.context.support.DefaultTestContext.getApplicationContext(DefaultTestContext.java:108) ~[spring-test-5.0.11.RELEASE.jar:5.0.11.RELEASE]
	at org.springframework.test.context.web.ServletTestExecutionListener.setUpRequestContextIfNecessary(ServletTestExecutionListener.java:190) ~[spring-test-5.0.11.RELEASE.jar:5.0.11.RELEASE]
	at org.springframework.test.context.web.ServletTestExecutionListener.prepareTestInstance(ServletTestExecutionListener.java:132) ~[spring-test-5.0.11.RELEASE.jar:5.0.11.RELEASE]
	at org.springframework.test.context.TestContextManager.prepareTestInstance(TestContextManager.java:246) ~[spring-test-5.0.11.RELEASE.jar:5.0.11.RELEASE]
	at org.springframework.test.context.junit4.SpringJUnit4ClassRunner.createTest(SpringJUnit4ClassRunner.java:227) ~[spring-test-5.0.11.RELEASE.jar:5.0.11.RELEASE]
	at org.springframework.test.context.junit4.SpringJUnit4ClassRunner$1.runReflectiveCall(SpringJUnit4ClassRunner.java:289) ~[spring-test-5.0.11.RELEASE.jar:5.0.11.RELEASE]
	at org.junit.internal.runners.model.ReflectiveCallable.run(ReflectiveCallable.java:12) ~[junit-4.12.jar:4.12]
	at org.springframework.test.context.junit4.SpringJUnit4ClassRunner.methodBlock(SpringJUnit4ClassRunner.java:291) ~[spring-test-5.0.11.RELEASE.jar:5.0.11.RELEASE]
	at org.springframework.test.context.junit4.SpringJUnit4ClassRunner.runChild(SpringJUnit4ClassRunner.java:246) ~[spring-test-5.0.11.RELEASE.jar:5.0.11.RELEASE]
	at org.springframework.test.context.junit4.SpringJUnit4ClassRunner.runChild(SpringJUnit4ClassRunner.java:97) ~[spring-test-5.0.11.RELEASE.jar:5.0.11.RELEASE]
	at org.junit.runners.ParentRunner$3.run(ParentRunner.java:290) ~[junit-4.12.jar:4.12]
	at org.junit.runners.ParentRunner$1.schedule(ParentRunner.java:71) ~[junit-4.12.jar:4.12]
	at org.junit.runners.ParentRunner.runChildren(ParentRunner.java:288) ~[junit-4.12.jar:4.12]
	at org.junit.runners.ParentRunner.access$000(ParentRunner.java:58) ~[junit-4.12.jar:4.12]
	at org.junit.runners.ParentRunner$2.evaluate(ParentRunner.java:268) ~[junit-4.12.jar:4.12]
	at org.springframework.test.context.junit4.statements.RunBeforeTestClassCallbacks.evaluate(RunBeforeTestClassCallbacks.java:61) ~[spring-test-5.0.11.RELEASE.jar:5.0.11.RELEASE]
	at org.springframework.test.context.junit4.statements.RunAfterTestClassCallbacks.evaluate(RunAfterTestClassCallbacks.java:70) ~[spring-test-5.0.11.RELEASE.jar:5.0.11.RELEASE]
	at org.junit.runners.ParentRunner.run(ParentRunner.java:363) ~[junit-4.12.jar:4.12]
	at org.springframework.test.context.junit4.SpringJUnit4ClassRunner.run(SpringJUnit4ClassRunner.java:190) ~[spring-test-5.0.11.RELEASE.jar:5.0.11.RELEASE]
	at org.apache.maven.surefire.junit4.JUnit4Provider.execute(JUnit4Provider.java:365) ~[surefire-junit4-2.21.0.jar:2.21.0]
	at org.apache.maven.surefire.junit4.JUnit4Provider.executeWithRerun(JUnit4Provider.java:273) ~[surefire-junit4-2.21.0.jar:2.21.0]
	at org.apache.maven.surefire.junit4.JUnit4Provider.executeTestSet(JUnit4Provider.java:238) ~[surefire-junit4-2.21.0.jar:2.21.0]
	at org.apache.maven.surefire.junit4.JUnit4Provider.invoke(JUnit4Provider.java:159) ~[surefire-junit4-2.21.0.jar:2.21.0]
	at org.apache.maven.surefire.booter.ForkedBooter.invokeProviderInSameClassLoader(ForkedBooter.java:379) ~[surefire-booter-2.21.0.jar:2.21.0]
	at org.apache.maven.surefire.booter.ForkedBooter.runSuitesInProcess(ForkedBooter.java:340) ~[surefire-booter-2.21.0.jar:2.21.0]
	at org.apache.maven.surefire.booter.ForkedBooter.execute(ForkedBooter.java:125) ~[surefire-booter-2.21.0.jar:2.21.0]
	at org.apache.maven.surefire.booter.ForkedBooter.main(ForkedBooter.java:413) ~[surefire-booter-2.21.0.jar:2.21.0]
Caused by: java.lang.IllegalStateException: Failed to introspect Class [com.leyou.search.search.SearchService] from ClassLoader [jdk.internal.loader.ClassLoaders$AppClassLoader@277050dc]
	at org.springframework.util.ReflectionUtils.getDeclaredFields(ReflectionUtils.java:785) ~[spring-core-5.0.11.RELEASE.jar:5.0.11.RELEASE]
	at org.springframework.util.ReflectionUtils.doWithFields(ReflectionUtils.java:750) ~[spring-core-5.0.11.RELEASE.jar:5.0.11.RELEASE]
	at org.springframework.util.ReflectionUtils.doWithFields(ReflectionUtils.java:735) ~[spring-core-5.0.11.RELEASE.jar:5.0.11.RELEASE]
	at org.springframework.boot.test.mock.mockito.DefinitionsParser.parse(DefinitionsParser.java:62) ~[spring-boot-test-2.0.7.RELEASE.jar:2.0.7.RELEASE]
	at org.springframework.boot.test.mock.mockito.MockitoPostProcessor.postProcessBeanFactory(MockitoPostProcessor.java:139) ~[spring-boot-test-2.0.7.RELEASE.jar:2.0.7.RELEASE]
	at org.springframework.boot.test.mock.mockito.MockitoPostProcessor.postProcessBeanFactory(MockitoPostProcessor.java:131) ~[spring-boot-test-2.0.7.RELEASE.jar:2.0.7.RELEASE]
	at org.springframework.context.support.PostProcessorRegistrationDelegate.invokeBeanFactoryPostProcessors(PostProcessorRegistrationDelegate.java:282) ~[spring-context-5.0.11.RELEASE.jar:5.0.11.RELEASE]
	at org.springframework.context.support.PostProcessorRegistrationDelegate.invokeBeanFactoryPostProcessors(PostProcessorRegistrationDelegate.java:170) ~[spring-context-5.0.11.RELEASE.jar:5.0.11.RELEASE]
	at org.springframework.context.support.AbstractApplicationContext.invokeBeanFactoryPostProcessors(AbstractApplicationContext.java:692) ~[spring-context-5.0.11.RELEASE.jar:5.0.11.RELEASE]
	at org.springframework.context.support.AbstractApplicationContext.refresh(AbstractApplicationContext.java:530) ~[spring-context-5.0.11.RELEASE.jar:5.0.11.RELEASE]
	at org.springframework.boot.SpringApplication.refresh(SpringApplication.java:754) ~[spring-boot-2.0.7.RELEASE.jar:2.0.7.RELEASE]
	at org.springframework.boot.SpringApplication.refreshContext(SpringApplication.java:386) ~[spring-boot-2.0.7.RELEASE.jar:2.0.7.RELEASE]
	at org.springframework.boot.SpringApplication.run(SpringApplication.java:307) ~[spring-boot-2.0.7.RELEASE.jar:2.0.7.RELEASE]
	at org.springframework.boot.test.context.SpringBootContextLoader.loadContext(SpringBootContextLoader.java:127) ~[spring-boot-test-2.0.7.RELEASE.jar:2.0.7.RELEASE]
	at org.springframework.test.context.cache.DefaultCacheAwareContextLoaderDelegate.loadContextInternal(DefaultCacheAwareContextLoaderDelegate.java:99) ~[spring-test-5.0.11.RELEASE.jar:5.0.11.RELEASE]
	at org.springframework.test.context.cache.DefaultCacheAwareContextLoaderDelegate.loadContext(DefaultCacheAwareContextLoaderDelegate.java:117) ~[spring-test-5.0.11.RELEASE.jar:5.0.11.RELEASE]
	... 27 common frames omitted
Caused by: java.lang.NoClassDefFoundError: com/leyou/item/api/CategoryApi
	at java.base/java.lang.ClassLoader.defineClass1(Native Method) ~[na:na]
	at java.base/java.lang.ClassLoader.defineClass(ClassLoader.java:1017) ~[na:na]
	at java.base/java.security.SecureClassLoader.defineClass(SecureClassLoader.java:174) ~[na:na]
	at java.base/jdk.internal.loader.BuiltinClassLoader.defineClass(BuiltinClassLoader.java:800) ~[na:na]
	at java.base/jdk.internal.loader.BuiltinClassLoader.findClassOnClassPathOrNull(BuiltinClassLoader.java:698) ~[na:na]
	at java.base/jdk.internal.loader.BuiltinClassLoader.loadClassOrNull(BuiltinClassLoader.java:621) ~[na:na]
	at java.base/jdk.internal.loader.BuiltinClassLoader.loadClass(BuiltinClassLoader.java:579) ~[na:na]
	at java.base/jdk.internal.loader.ClassLoaders$AppClassLoader.loadClass(ClassLoaders.java:178) ~[na:na]
	at java.base/java.lang.ClassLoader.loadClass(ClassLoader.java:522) ~[na:na]
	at java.base/java.lang.Class.getDeclaredFields0(Native Method) ~[na:na]
	at java.base/java.lang.Class.privateGetDeclaredFields(Class.java:3061) ~[na:na]
	at java.base/java.lang.Class.getDeclaredFields(Class.java:2248) ~[na:na]
	at org.springframework.util.ReflectionUtils.getDeclaredFields(ReflectionUtils.java:780) ~[spring-core-5.0.11.RELEASE.jar:5.0.11.RELEASE]
	... 42 common frames omitted
Caused by: java.lang.ClassNotFoundException: com.leyou.item.api.CategoryApi
	at java.base/jdk.internal.loader.BuiltinClassLoader.loadClass(BuiltinClassLoader.java:581) ~[na:na]
	at java.base/jdk.internal.loader.ClassLoaders$AppClassLoader.loadClass(ClassLoaders.java:178) ~[na:na]
	at java.base/java.lang.ClassLoader.loadClass(ClassLoader.java:522) ~[na:na]
	... 55 common frames omitted

]]></system-out>
  </testcase>
</testsuite>