<?xml version="1.0" encoding="UTF-8"?>
<testsuite xmlns:xsi="http://www.w3.org/2001/XMLSchema-instance" xsi:noNamespaceSchemaLocation="https://maven.apache.org/surefire/maven-surefire-plugin/xsd/surefire-test-report.xsd" name="com.leyou.auth.test.JwtTest" time="0.826" tests="3" errors="0" skipped="0" failures="1">
  <properties>
[...]
</properties>
  <testcase name="testParseToken on testParseToken(com.leyou.auth.test.JwtTest)" classname="com.leyou.auth.test.JwtTest" time="0.221">
    <failure message="JWT signature does not match locally computed signature. JWT validity cannot be asserted and should not be trusted." type="io.jsonwebtoken.SignatureException">io.jsonwebtoken.SignatureException: JWT signature does not match locally computed signature. JWT validity cannot be asserted and should not be trusted.
	at com.leyou.auth.test.JwtTest.testParseToken(JwtTest.java:45)
</failure>
  </testcase>
  <testcase name="testRsa on testRsa(com.leyou.auth.test.JwtTest)" classname="com.leyou.auth.test.JwtTest" time="0.133"/>
  <testcase name="testGenerateToken on testGenerateToken(com.leyou.auth.test.JwtTest)" classname="com.leyou.auth.test.JwtTest" time="0.061"/>
</testsuite>